[ 2017-01-21T10:06:13+08:00 ] ::1 ::1 GET /
[ log ] localhost/ [运行时间：0.106529s][吞吐率：9.39req/s] [内存消耗：2,626.39kb] [文件加载：39]
[ info ] [ LANG ] /Users/sunxuegao/dev_soft/www/picture_cms/thinkphp/lang/zh-cn.php
[ info ] [ BIND ] 'index'
[ info ] [ ROUTE ] array (
  'type' => 'module',
  'module' => 
  array (
    0 => 'index',
    1 => NULL,
    2 => NULL,
  ),
)
[ info ] [ HEADER ] array (
  'host' => 'localhost',
  'accept' => 'text/html,application/xhtml+xml,application/xml;q=0.9,*/*;q=0.8',
  'upgrade-insecure-requests' => '1',
  'cookie' => 'Hm_lvt_ab8b04b0bf640ac196520db1cd029664=1482424781; csrftoken=Poy9ZItHJyY6W6p5pZSIEdXhBDVu7Vrk',
  'user-agent' => 'Mozilla/5.0 (Macintosh; Intel Mac OS X 10_12) AppleWebKit/602.1.50 (KHTML, like Gecko) Version/10.0 Safari/602.1.50',
  'accept-language' => 'zh-cn',
  'accept-encoding' => 'gzip, deflate',
  'connection' => 'keep-alive',
)
[ info ] [ PARAM ] array (
)
[ info ] [ DB ] INIT mysql
[ info ] [ DB ] INIT mysql
[ info ] [ RUN ] app\index\controller\Index->index[ /Users/sunxuegao/dev_soft/www/picture_cms/application/index/controller/Index.php ]
[ info ] [ DB ] INIT mysql
[ info ] [ DB ] INIT mysql
[ info ] [ VIEW ] /Users/sunxuegao/dev_soft/www/picture_cms/application/index/view/index/index.html [ array (
  0 => 'categorys',
  1 => 'seo',
  2 => 'indexCate',
) ]
[ info ] [ LOG ] INIT File

---------------------------------------------------------------
[ 2017-01-21T10:08:15+08:00 ] ::1 ::1 GET /
[ log ] localhost/ [运行时间：0.042928s][吞吐率：23.29req/s] [内存消耗：2,626.38kb] [文件加载：39]
[ info ] [ LANG ] /Users/sunxuegao/dev_soft/www/picture_cms/thinkphp/lang/zh-cn.php
[ info ] [ BIND ] 'index'
[ info ] [ ROUTE ] array (
  'type' => 'module',
  'module' => 
  array (
    0 => 'index',
    1 => NULL,
    2 => NULL,
  ),
)
[ info ] [ HEADER ] array (
  'host' => 'localhost',
  'accept' => 'text/html,application/xhtml+xml,application/xml;q=0.9,*/*;q=0.8',
  'upgrade-insecure-requests' => '1',
  'cookie' => 'Hm_lvt_ab8b04b0bf640ac196520db1cd029664=1482424781; csrftoken=Poy9ZItHJyY6W6p5pZSIEdXhBDVu7Vrk',
  'user-agent' => 'Mozilla/5.0 (Macintosh; Intel Mac OS X 10_12) AppleWebKit/602.1.50 (KHTML, like Gecko) Version/10.0 Safari/602.1.50',
  'accept-language' => 'zh-cn',
  'accept-encoding' => 'gzip, deflate',
  'connection' => 'keep-alive',
)
[ info ] [ PARAM ] array (
)
[ info ] [ DB ] INIT mysql
[ info ] [ DB ] INIT mysql
[ info ] [ RUN ] app\index\controller\Index->index[ /Users/sunxuegao/dev_soft/www/picture_cms/application/index/controller/Index.php ]
[ info ] [ DB ] INIT mysql
[ info ] [ DB ] INIT mysql
[ info ] [ VIEW ] /Users/sunxuegao/dev_soft/www/picture_cms/application/index/view/index/index.html [ array (
  0 => 'categorys',
  1 => 'seo',
  2 => 'indexCate',
) ]
[ info ] [ LOG ] INIT File

---------------------------------------------------------------
[ 2017-01-21T10:08:15+08:00 ] ::1 ::1 GET /admin.php/login/index.html
[ log ] localhost/admin.php/login/index.html [运行时间：0.014664s][吞吐率：68.19req/s] [内存消耗：1,725.54kb] [文件加载：33]
[ info ] [ LANG ] /Users/sunxuegao/dev_soft/www/picture_cms/thinkphp/lang/zh-cn.php
[ info ] [ BIND ] 'admin'
[ info ] [ ROUTE ] array (
  'type' => 'module',
  'module' => 
  array (
    0 => 'admin',
    1 => 'login',
    2 => 'index',
  ),
)
[ info ] [ HEADER ] array (
  'host' => 'localhost',
  'accept' => 'text/html,application/xhtml+xml,application/xml;q=0.9,*/*;q=0.8',
  'upgrade-insecure-requests' => '1',
  'cookie' => 'Hm_lvt_ab8b04b0bf640ac196520db1cd029664=1482424781; csrftoken=Poy9ZItHJyY6W6p5pZSIEdXhBDVu7Vrk',
  'user-agent' => 'Mozilla/5.0 (Macintosh; Intel Mac OS X 10_12) AppleWebKit/602.1.50 (KHTML, like Gecko) Version/10.0 Safari/602.1.50',
  'accept-language' => 'zh-cn',
  'accept-encoding' => 'gzip, deflate',
  'connection' => 'keep-alive',
)
[ info ] [ PARAM ] array (
)
[ info ] [ RUN ] app\admin\controller\Login->index[ /Users/sunxuegao/dev_soft/www/picture_cms/application/admin/controller/Login.php ]
[ info ] [ VIEW ] /Users/sunxuegao/dev_soft/www/picture_cms/application/admin/view/login/login.html [ array (
) ]
[ info ] [ LOG ] INIT File

---------------------------------------------------------------
[ 2017-01-21T10:08:16+08:00 ] ::1 ::1 GET /admin.php/login/captcha.html
[ log ] localhost/admin.php/login/captcha.html [运行时间：0.032544s][吞吐率：30.73req/s] [内存消耗：1,845.64kb] [文件加载：36]
[ info ] [ LANG ] /Users/sunxuegao/dev_soft/www/picture_cms/thinkphp/lang/zh-cn.php
[ info ] [ BIND ] 'admin'
[ info ] [ ROUTE ] array (
  'type' => 'module',
  'module' => 
  array (
    0 => 'admin',
    1 => 'login',
    2 => 'captcha',
  ),
)
[ info ] [ HEADER ] array (
  'host' => 'localhost',
  'accept' => '*/*',
  'connection' => 'keep-alive',
  'cookie' => 'Hm_lvt_ab8b04b0bf640ac196520db1cd029664=1482424781; csrftoken=Poy9ZItHJyY6W6p5pZSIEdXhBDVu7Vrk',
  'user-agent' => 'Mozilla/5.0 (Macintosh; Intel Mac OS X 10_12) AppleWebKit/602.1.50 (KHTML, like Gecko) Version/10.0 Safari/602.1.50',
  'accept-language' => 'zh-cn',
  'referer' => 'http://localhost/admin.php/login/index.html',
  'accept-encoding' => 'gzip, deflate',
)
[ info ] [ PARAM ] array (
)
[ info ] [ RUN ] app\admin\controller\Login->captcha[ /Users/sunxuegao/dev_soft/www/picture_cms/application/admin/controller/Login.php ]
[ info ] [ LOG ] INIT File
[ error ] [1]Call to undefined function org\imagettftext()[/Users/sunxuegao/dev_soft/www/picture_cms/extend/org/Captcha.php:166]

---------------------------------------------------------------
[ 2017-01-21T10:08:17+08:00 ] ::1 ::1 GET /admin.php/login/index.html
[ log ] localhost/admin.php/login/index.html [运行时间：0.021799s][吞吐率：45.87req/s] [内存消耗：1,725.45kb] [文件加载：33]
[ info ] [ LANG ] /Users/sunxuegao/dev_soft/www/picture_cms/thinkphp/lang/zh-cn.php
[ info ] [ BIND ] 'admin'
[ info ] [ ROUTE ] array (
  'type' => 'module',
  'module' => 
  array (
    0 => 'admin',
    1 => 'login',
    2 => 'index',
  ),
)
[ info ] [ HEADER ] array (
  'host' => 'localhost',
  'accept' => 'text/html,application/xhtml+xml,application/xml;q=0.9,*/*;q=0.8',
  'upgrade-insecure-requests' => '1',
  'cookie' => 'Hm_lvt_ab8b04b0bf640ac196520db1cd029664=1482424781; csrftoken=Poy9ZItHJyY6W6p5pZSIEdXhBDVu7Vrk',
  'user-agent' => 'Mozilla/5.0 (Macintosh; Intel Mac OS X 10_12) AppleWebKit/602.1.50 (KHTML, like Gecko) Version/10.0 Safari/602.1.50',
  'accept-language' => 'zh-cn',
  'accept-encoding' => 'gzip, deflate',
  'connection' => 'keep-alive',
)
[ info ] [ PARAM ] array (
)
[ info ] [ RUN ] app\admin\controller\Login->index[ /Users/sunxuegao/dev_soft/www/picture_cms/application/admin/controller/Login.php ]
[ info ] [ VIEW ] /Users/sunxuegao/dev_soft/www/picture_cms/application/admin/view/login/login.html [ array (
) ]
[ info ] [ LOG ] INIT File

---------------------------------------------------------------
[ 2017-01-21T10:08:17+08:00 ] ::1 ::1 GET /admin.php/login/captcha.html
[ log ] localhost/admin.php/login/captcha.html [运行时间：0.017526s][吞吐率：57.06req/s] [内存消耗：1,845.64kb] [文件加载：36]
[ info ] [ LANG ] /Users/sunxuegao/dev_soft/www/picture_cms/thinkphp/lang/zh-cn.php
[ info ] [ BIND ] 'admin'
[ info ] [ ROUTE ] array (
  'type' => 'module',
  'module' => 
  array (
    0 => 'admin',
    1 => 'login',
    2 => 'captcha',
  ),
)
[ info ] [ HEADER ] array (
  'host' => 'localhost',
  'accept' => '*/*',
  'connection' => 'keep-alive',
  'cookie' => 'Hm_lvt_ab8b04b0bf640ac196520db1cd029664=1482424781; csrftoken=Poy9ZItHJyY6W6p5pZSIEdXhBDVu7Vrk',
  'user-agent' => 'Mozilla/5.0 (Macintosh; Intel Mac OS X 10_12) AppleWebKit/602.1.50 (KHTML, like Gecko) Version/10.0 Safari/602.1.50',
  'accept-language' => 'zh-cn',
  'referer' => 'http://localhost/admin.php/login/index.html',
  'accept-encoding' => 'gzip, deflate',
)
[ info ] [ PARAM ] array (
)
[ info ] [ RUN ] app\admin\controller\Login->captcha[ /Users/sunxuegao/dev_soft/www/picture_cms/application/admin/controller/Login.php ]
[ info ] [ LOG ] INIT File
[ error ] [1]Call to undefined function org\imagettftext()[/Users/sunxuegao/dev_soft/www/picture_cms/extend/org/Captcha.php:166]

---------------------------------------------------------------
[ 2017-01-21T10:08:24+08:00 ] ::1 ::1 POST /admin.php/login/dologin.html
[ log ] localhost/admin.php/login/dologin.html [运行时间：0.040003s][吞吐率：25.00req/s] [内存消耗：2,750.83kb] [文件加载：41]
[ info ] [ LANG ] /Users/sunxuegao/dev_soft/www/picture_cms/thinkphp/lang/zh-cn.php
[ info ] [ BIND ] 'admin'
[ info ] [ ROUTE ] array (
  'type' => 'module',
  'module' => 
  array (
    0 => 'admin',
    1 => 'login',
    2 => 'dologin',
  ),
)
[ info ] [ HEADER ] array (
  'host' => 'localhost',
  'accept' => 'text/html,application/xhtml+xml,application/xml;q=0.9,*/*;q=0.8',
  'accept-encoding' => 'gzip, deflate',
  'accept-language' => 'zh-cn',
  'content-type' => 'application/x-www-form-urlencoded',
  'origin' => 'http://localhost',
  'user-agent' => 'Mozilla/5.0 (Macintosh; Intel Mac OS X 10_12) AppleWebKit/602.1.50 (KHTML, like Gecko) Version/10.0 Safari/602.1.50',
  'connection' => 'keep-alive',
  'upgrade-insecure-requests' => '1',
  'referer' => 'http://localhost/admin.php/login/index.html',
  'content-length' => '38',
  'cookie' => 'Hm_lvt_ab8b04b0bf640ac196520db1cd029664=1482424781; csrftoken=Poy9ZItHJyY6W6p5pZSIEdXhBDVu7Vrk',
)
[ info ] [ PARAM ] array (
  'username' => 'admin',
  'password' => 'admin',
  'code' => 'sss',
)
[ info ] [ RUN ] app\admin\controller\Login->doLogin[ /Users/sunxuegao/dev_soft/www/picture_cms/application/admin/controller/Login.php ]
[ info ] [ DB ] INIT mysql
[ info ] [ SESSION ] INIT array (
  'id' => '',
  'var_session_id' => '',
  'prefix' => 'think',
  'type' => '',
  'auto_start' => true,
)
[ info ] [ DB ] INIT mysql
[ info ] [ VIEW ] /Users/sunxuegao/dev_soft/www/picture_cms/thinkphp/tpl/dispatch_jump.tpl [ array (
  0 => 'code',
  1 => 'msg',
  2 => 'data',
  3 => 'url',
  4 => 'wait',
) ]
[ info ] [ LOG ] INIT File

---------------------------------------------------------------
[ 2017-01-21T10:08:25+08:00 ] ::1 ::1 GET /admin.php/index/index.html
[ log ] localhost/admin.php/index/index.html [运行时间：0.014750s][吞吐率：67.80req/s] [内存消耗：1,738.40kb] [文件加载：34]
[ info ] [ LANG ] /Users/sunxuegao/dev_soft/www/picture_cms/thinkphp/lang/zh-cn.php
[ info ] [ BIND ] 'admin'
[ info ] [ ROUTE ] array (
  'type' => 'module',
  'module' => 
  array (
    0 => 'admin',
    1 => 'index',
    2 => 'index',
  ),
)
[ info ] [ HEADER ] array (
  'host' => 'localhost',
  'cookie' => 'Hm_lvt_ab8b04b0bf640ac196520db1cd029664=1482424781; PHPSESSID=fo2d0tkhf4o6evuomglbic2756; csrftoken=Poy9ZItHJyY6W6p5pZSIEdXhBDVu7Vrk',
  'connection' => 'keep-alive',
  'upgrade-insecure-requests' => '1',
  'accept' => 'text/html,application/xhtml+xml,application/xml;q=0.9,*/*;q=0.8',
  'user-agent' => 'Mozilla/5.0 (Macintosh; Intel Mac OS X 10_12) AppleWebKit/602.1.50 (KHTML, like Gecko) Version/10.0 Safari/602.1.50',
  'referer' => 'http://localhost/admin.php/login/dologin.html',
  'accept-language' => 'zh-cn',
  'accept-encoding' => 'gzip, deflate',
)
[ info ] [ PARAM ] array (
)
[ info ] [ SESSION ] INIT array (
  'id' => '',
  'var_session_id' => '',
  'prefix' => 'think',
  'type' => '',
  'auto_start' => true,
)
[ info ] [ RUN ] app\admin\controller\Index->index[ /Users/sunxuegao/dev_soft/www/picture_cms/application/admin/controller/Index.php ]
[ info ] [ VIEW ] /Users/sunxuegao/dev_soft/www/picture_cms/application/admin/view/index/index.html [ array (
  0 => 'server_info',
) ]
[ info ] [ LOG ] INIT File

---------------------------------------------------------------
[ 2017-01-21T10:08:27+08:00 ] ::1 ::1 GET /admin.php/article/index.html
[ log ] localhost/admin.php/article/index.html [运行时间：0.050396s][吞吐率：19.84req/s] [内存消耗：3,322.30kb] [文件加载：46]
[ info ] [ LANG ] /Users/sunxuegao/dev_soft/www/picture_cms/thinkphp/lang/zh-cn.php
[ info ] [ BIND ] 'admin'
[ info ] [ ROUTE ] array (
  'type' => 'module',
  'module' => 
  array (
    0 => 'admin',
    1 => 'article',
    2 => 'index',
  ),
)
[ info ] [ HEADER ] array (
  'host' => 'localhost',
  'cookie' => 'Hm_lvt_ab8b04b0bf640ac196520db1cd029664=1482424781; PHPSESSID=fo2d0tkhf4o6evuomglbic2756; csrftoken=Poy9ZItHJyY6W6p5pZSIEdXhBDVu7Vrk',
  'connection' => 'keep-alive',
  'upgrade-insecure-requests' => '1',
  'accept' => 'text/html,application/xhtml+xml,application/xml;q=0.9,*/*;q=0.8',
  'user-agent' => 'Mozilla/5.0 (Macintosh; Intel Mac OS X 10_12) AppleWebKit/602.1.50 (KHTML, like Gecko) Version/10.0 Safari/602.1.50',
  'referer' => 'http://localhost/admin.php/index/index.html',
  'accept-language' => 'zh-cn',
  'accept-encoding' => 'gzip, deflate',
)
[ info ] [ PARAM ] array (
)
[ info ] [ SESSION ] INIT array (
  'id' => '',
  'var_session_id' => '',
  'prefix' => 'think',
  'type' => '',
  'auto_start' => true,
)
[ info ] [ RUN ] app\admin\controller\Article->index[ /Users/sunxuegao/dev_soft/www/picture_cms/application/admin/controller/Article.php ]
[ info ] [ DB ] INIT mysql
[ info ] [ DB ] INIT mysql
[ info ] [ VIEW ] /Users/sunxuegao/dev_soft/www/picture_cms/application/admin/view/article/index.html [ array (
  0 => 'q',
  1 => 'catid',
  2 => 'article_list',
  3 => 'cate_list',
  4 => 'page',
) ]
[ info ] [ DB ] INIT mysql
[ info ] [ DB ] INIT mysql
[ info ] [ DB ] INIT mysql
[ info ] [ DB ] INIT mysql
[ info ] [ DB ] INIT mysql
[ info ] [ DB ] INIT mysql
[ info ] [ DB ] INIT mysql
[ info ] [ DB ] INIT mysql
[ info ] [ DB ] INIT mysql
[ info ] [ DB ] INIT mysql
[ info ] [ LOG ] INIT File

---------------------------------------------------------------
[ 2017-01-21T10:08:56+08:00 ] ::1 ::1 GET /admin.php/article/index.html
[ log ] localhost/admin.php/article/index.html [运行时间：0.059083s][吞吐率：16.93req/s] [内存消耗：3,112.02kb] [文件加载：44]
[ info ] [ LANG ] /Users/sunxuegao/dev_soft/www/picture_cms/thinkphp/lang/zh-cn.php
[ info ] [ BIND ] 'admin'
[ info ] [ ROUTE ] array (
  'type' => 'module',
  'module' => 
  array (
    0 => 'admin',
    1 => 'article',
    2 => 'index',
  ),
)
[ info ] [ HEADER ] array (
  'host' => 'localhost',
  'cookie' => 'Hm_lvt_ab8b04b0bf640ac196520db1cd029664=1482424781; PHPSESSID=fo2d0tkhf4o6evuomglbic2756; csrftoken=Poy9ZItHJyY6W6p5pZSIEdXhBDVu7Vrk',
  'connection' => 'keep-alive',
  'upgrade-insecure-requests' => '1',
  'accept' => 'text/html,application/xhtml+xml,application/xml;q=0.9,*/*;q=0.8',
  'user-agent' => 'Mozilla/5.0 (Macintosh; Intel Mac OS X 10_12) AppleWebKit/602.1.50 (KHTML, like Gecko) Version/10.0 Safari/602.1.50',
  'referer' => 'http://localhost/admin.php/article/index.html',
  'accept-language' => 'zh-cn',
  'accept-encoding' => 'gzip, deflate',
)
[ info ] [ PARAM ] array (
)
[ info ] [ SESSION ] INIT array (
  'id' => '',
  'var_session_id' => '',
  'prefix' => 'think',
  'type' => '',
  'auto_start' => true,
)
[ info ] [ RUN ] app\admin\controller\Article->index[ /Users/sunxuegao/dev_soft/www/picture_cms/application/admin/controller/Article.php ]
[ info ] [ DB ] INIT mysql
[ info ] [ DB ] INIT mysql
[ info ] [ VIEW ] /Users/sunxuegao/dev_soft/www/picture_cms/application/admin/view/article/index.html [ array (
  0 => 'q',
  1 => 'catid',
  2 => 'article_list',
  3 => 'cate_list',
  4 => 'page',
) ]
[ info ] [ DB ] INIT mysql
[ info ] [ DB ] INIT mysql
[ info ] [ DB ] INIT mysql
[ info ] [ DB ] INIT mysql
[ info ] [ DB ] INIT mysql
[ info ] [ DB ] INIT mysql
[ info ] [ DB ] INIT mysql
[ info ] [ DB ] INIT mysql
[ info ] [ DB ] INIT mysql
[ info ] [ DB ] INIT mysql
[ info ] [ LOG ] INIT File

---------------------------------------------------------------
[ 2017-01-21T10:09:01+08:00 ] ::1 ::1 GET /admin.php/attachment/index.html
[ log ] localhost/admin.php/attachment/index.html [运行时间：0.035188s][吞吐率：28.42req/s] [内存消耗：2,974.09kb] [文件加载：46]
[ info ] [ LANG ] /Users/sunxuegao/dev_soft/www/picture_cms/thinkphp/lang/zh-cn.php
[ info ] [ BIND ] 'admin'
[ info ] [ ROUTE ] array (
  'type' => 'module',
  'module' => 
  array (
    0 => 'admin',
    1 => 'attachment',
    2 => 'index',
  ),
)
[ info ] [ HEADER ] array (
  'host' => 'localhost',
  'cookie' => 'Hm_lvt_ab8b04b0bf640ac196520db1cd029664=1482424781; PHPSESSID=fo2d0tkhf4o6evuomglbic2756; csrftoken=Poy9ZItHJyY6W6p5pZSIEdXhBDVu7Vrk',
  'connection' => 'keep-alive',
  'upgrade-insecure-requests' => '1',
  'accept' => 'text/html,application/xhtml+xml,application/xml;q=0.9,*/*;q=0.8',
  'user-agent' => 'Mozilla/5.0 (Macintosh; Intel Mac OS X 10_12) AppleWebKit/602.1.50 (KHTML, like Gecko) Version/10.0 Safari/602.1.50',
  'referer' => 'http://localhost/admin.php/article/index.html',
  'accept-language' => 'zh-cn',
  'accept-encoding' => 'gzip, deflate',
)
[ info ] [ PARAM ] array (
)
[ info ] [ SESSION ] INIT array (
  'id' => '',
  'var_session_id' => '',
  'prefix' => 'think',
  'type' => '',
  'auto_start' => true,
)
[ info ] [ RUN ] app\admin\controller\Attachment->index[ /Users/sunxuegao/dev_soft/www/picture_cms/application/admin/controller/Attachment.php ]
[ info ] [ DB ] INIT mysql
[ info ] [ DB ] INIT mysql
[ info ] [ DB ] INIT mysql
[ info ] [ VIEW ] /Users/sunxuegao/dev_soft/www/picture_cms/application/admin/view/attachment/index.html [ array (
  0 => 'list',
  1 => 'page',
) ]
[ info ] [ LOG ] INIT File

---------------------------------------------------------------
[ 2017-01-21T10:09:05+08:00 ] ::1 ::1 GET /admin.php/scrollpicture/index.html
[ log ] localhost/admin.php/scrollpicture/index.html [运行时间：0.042463s][吞吐率：23.55req/s] [内存消耗：3,112.19kb] [文件加载：44]
[ info ] [ LANG ] /Users/sunxuegao/dev_soft/www/picture_cms/thinkphp/lang/zh-cn.php
[ info ] [ BIND ] 'admin'
[ info ] [ ROUTE ] array (
  'type' => 'module',
  'module' => 
  array (
    0 => 'admin',
    1 => 'scrollpicture',
    2 => 'index',
  ),
)
[ info ] [ HEADER ] array (
  'host' => 'localhost',
  'cookie' => 'Hm_lvt_ab8b04b0bf640ac196520db1cd029664=1482424781; PHPSESSID=fo2d0tkhf4o6evuomglbic2756; csrftoken=Poy9ZItHJyY6W6p5pZSIEdXhBDVu7Vrk',
  'connection' => 'keep-alive',
  'upgrade-insecure-requests' => '1',
  'accept' => 'text/html,application/xhtml+xml,application/xml;q=0.9,*/*;q=0.8',
  'user-agent' => 'Mozilla/5.0 (Macintosh; Intel Mac OS X 10_12) AppleWebKit/602.1.50 (KHTML, like Gecko) Version/10.0 Safari/602.1.50',
  'referer' => 'http://localhost/admin.php/attachment/index.html',
  'accept-language' => 'zh-cn',
  'accept-encoding' => 'gzip, deflate',
)
[ info ] [ PARAM ] array (
)
[ info ] [ SESSION ] INIT array (
  'id' => '',
  'var_session_id' => '',
  'prefix' => 'think',
  'type' => '',
  'auto_start' => true,
)
[ info ] [ RUN ] app\admin\controller\Scrollpicture->index[ /Users/sunxuegao/dev_soft/www/picture_cms/application/admin/controller/Scrollpicture.php ]
[ info ] [ DB ] INIT mysql
[ info ] [ DB ] INIT mysql
[ info ] [ VIEW ] /Users/sunxuegao/dev_soft/www/picture_cms/application/admin/view/scrollpicture/index.html [ array (
  0 => 'q',
  1 => 'catid',
  2 => 'article_list',
  3 => 'cate_list',
  4 => 'page',
) ]
[ info ] [ DB ] INIT mysql
[ info ] [ DB ] INIT mysql
[ info ] [ DB ] INIT mysql
[ info ] [ DB ] INIT mysql
[ info ] [ DB ] INIT mysql
[ info ] [ DB ] INIT mysql
[ info ] [ DB ] INIT mysql
[ info ] [ DB ] INIT mysql
[ info ] [ DB ] INIT mysql
[ info ] [ DB ] INIT mysql
[ info ] [ LOG ] INIT File

---------------------------------------------------------------
[ 2017-01-21T10:09:28+08:00 ] ::1 ::1 GET /admin.php/scrollpicture/index.html
[ log ] localhost/admin.php/scrollpicture/index.html [运行时间：0.055794s][吞吐率：17.92req/s] [内存消耗：3,112.26kb] [文件加载：44]
[ info ] [ LANG ] /Users/sunxuegao/dev_soft/www/picture_cms/thinkphp/lang/zh-cn.php
[ info ] [ BIND ] 'admin'
[ info ] [ ROUTE ] array (
  'type' => 'module',
  'module' => 
  array (
    0 => 'admin',
    1 => 'scrollpicture',
    2 => 'index',
  ),
)
[ info ] [ HEADER ] array (
  'host' => 'localhost',
  'cookie' => 'Hm_lvt_ab8b04b0bf640ac196520db1cd029664=1482424781; PHPSESSID=fo2d0tkhf4o6evuomglbic2756; csrftoken=Poy9ZItHJyY6W6p5pZSIEdXhBDVu7Vrk',
  'connection' => 'keep-alive',
  'upgrade-insecure-requests' => '1',
  'accept' => 'text/html,application/xhtml+xml,application/xml;q=0.9,*/*;q=0.8',
  'user-agent' => 'Mozilla/5.0 (Macintosh; Intel Mac OS X 10_12) AppleWebKit/602.1.50 (KHTML, like Gecko) Version/10.0 Safari/602.1.50',
  'referer' => 'http://localhost/admin.php/scrollpicture/index.html',
  'accept-language' => 'zh-cn',
  'accept-encoding' => 'gzip, deflate',
)
[ info ] [ PARAM ] array (
)
[ info ] [ SESSION ] INIT array (
  'id' => '',
  'var_session_id' => '',
  'prefix' => 'think',
  'type' => '',
  'auto_start' => true,
)
[ info ] [ RUN ] app\admin\controller\Scrollpicture->index[ /Users/sunxuegao/dev_soft/www/picture_cms/application/admin/controller/Scrollpicture.php ]
[ info ] [ DB ] INIT mysql
[ info ] [ DB ] INIT mysql
[ info ] [ VIEW ] /Users/sunxuegao/dev_soft/www/picture_cms/application/admin/view/scrollpicture/index.html [ array (
  0 => 'q',
  1 => 'catid',
  2 => 'article_list',
  3 => 'cate_list',
  4 => 'page',
) ]
[ info ] [ DB ] INIT mysql
[ info ] [ DB ] INIT mysql
[ info ] [ DB ] INIT mysql
[ info ] [ DB ] INIT mysql
[ info ] [ DB ] INIT mysql
[ info ] [ DB ] INIT mysql
[ info ] [ DB ] INIT mysql
[ info ] [ DB ] INIT mysql
[ info ] [ DB ] INIT mysql
[ info ] [ DB ] INIT mysql
[ info ] [ LOG ] INIT File

---------------------------------------------------------------
[ 2017-01-21T10:10:16+08:00 ] ::1 ::1 GET /admin.php/
[ log ] localhost/admin.php/ [运行时间：0.011925s][吞吐率：83.86req/s] [内存消耗：1,760.45kb] [文件加载：35]
[ info ] [ LANG ] /Users/sunxuegao/dev_soft/www/picture_cms/thinkphp/lang/zh-cn.php
[ info ] [ BIND ] 'admin'
[ info ] [ ROUTE ] array (
  'type' => 'module',
  'module' => 
  array (
    0 => 'admin',
    1 => NULL,
    2 => NULL,
  ),
)
[ info ] [ HEADER ] array (
  'host' => 'localhost',
  'user-agent' => 'Mozilla/5.0 (Macintosh; Intel Mac OS X 10.12; rv:50.0) Gecko/20100101 Firefox/50.0',
  'accept' => 'text/html,application/xhtml+xml,application/xml;q=0.9,*/*;q=0.8',
  'accept-language' => 'zh-CN,zh;q=0.8,en-US;q=0.5,en;q=0.3',
  'accept-encoding' => 'gzip, deflate',
  'cookie' => 'csrftoken=wVqkvl3ODenzL1KR8HvggRaXFSKlSnsT; Hm_lvt_ab8b04b0bf640ac196520db1cd029664=1482418247',
  'connection' => 'keep-alive',
  'upgrade-insecure-requests' => '1',
)
[ info ] [ PARAM ] array (
)
[ info ] [ SESSION ] INIT array (
  'id' => '',
  'var_session_id' => '',
  'prefix' => 'think',
  'type' => '',
  'auto_start' => true,
)
[ info ] [ LOG ] INIT File

---------------------------------------------------------------
[ 2017-01-21T10:10:16+08:00 ] ::1 ::1 GET /admin.php/login/index.html
[ log ] localhost/admin.php/login/index.html [运行时间：0.011888s][吞吐率：84.12req/s] [内存消耗：1,725.70kb] [文件加载：33]
[ info ] [ LANG ] /Users/sunxuegao/dev_soft/www/picture_cms/thinkphp/lang/zh-cn.php
[ info ] [ BIND ] 'admin'
[ info ] [ ROUTE ] array (
  'type' => 'module',
  'module' => 
  array (
    0 => 'admin',
    1 => 'login',
    2 => 'index',
  ),
)
[ info ] [ HEADER ] array (
  'host' => 'localhost',
  'user-agent' => 'Mozilla/5.0 (Macintosh; Intel Mac OS X 10.12; rv:50.0) Gecko/20100101 Firefox/50.0',
  'accept' => 'text/html,application/xhtml+xml,application/xml;q=0.9,*/*;q=0.8',
  'accept-language' => 'zh-CN,zh;q=0.8,en-US;q=0.5,en;q=0.3',
  'accept-encoding' => 'gzip, deflate',
  'cookie' => 'csrftoken=wVqkvl3ODenzL1KR8HvggRaXFSKlSnsT; Hm_lvt_ab8b04b0bf640ac196520db1cd029664=1482418247; PHPSESSID=arh9i2do1hsipffvdhmm41sl31',
  'connection' => 'keep-alive',
  'upgrade-insecure-requests' => '1',
)
[ info ] [ PARAM ] array (
)
[ info ] [ RUN ] app\admin\controller\Login->index[ /Users/sunxuegao/dev_soft/www/picture_cms/application/admin/controller/Login.php ]
[ info ] [ VIEW ] /Users/sunxuegao/dev_soft/www/picture_cms/application/admin/view/login/login.html [ array (
) ]
[ info ] [ LOG ] INIT File

---------------------------------------------------------------
[ 2017-01-21T10:10:16+08:00 ] ::1 ::1 GET /admin.php/login/captcha.html
[ log ] localhost/admin.php/login/captcha.html [运行时间：0.014781s][吞吐率：67.65req/s] [内存消耗：1,845.57kb] [文件加载：36]
[ info ] [ LANG ] /Users/sunxuegao/dev_soft/www/picture_cms/thinkphp/lang/zh-cn.php
[ info ] [ BIND ] 'admin'
[ info ] [ ROUTE ] array (
  'type' => 'module',
  'module' => 
  array (
    0 => 'admin',
    1 => 'login',
    2 => 'captcha',
  ),
)
[ info ] [ HEADER ] array (
  'host' => 'localhost',
  'user-agent' => 'Mozilla/5.0 (Macintosh; Intel Mac OS X 10.12; rv:50.0) Gecko/20100101 Firefox/50.0',
  'accept' => '*/*',
  'accept-language' => 'zh-CN,zh;q=0.8,en-US;q=0.5,en;q=0.3',
  'accept-encoding' => 'gzip, deflate',
  'referer' => 'http://localhost/admin.php/login/index.html',
  'cookie' => 'csrftoken=wVqkvl3ODenzL1KR8HvggRaXFSKlSnsT; Hm_lvt_ab8b04b0bf640ac196520db1cd029664=1482418247; PHPSESSID=arh9i2do1hsipffvdhmm41sl31',
  'connection' => 'keep-alive',
)
[ info ] [ PARAM ] array (
)
[ info ] [ RUN ] app\admin\controller\Login->captcha[ /Users/sunxuegao/dev_soft/www/picture_cms/application/admin/controller/Login.php ]
[ info ] [ LOG ] INIT File
[ error ] [1]Call to undefined function org\imagettftext()[/Users/sunxuegao/dev_soft/www/picture_cms/extend/org/Captcha.php:166]

---------------------------------------------------------------
[ 2017-01-21T10:10:21+08:00 ] ::1 ::1 POST /admin.php/login/dologin.html
[ log ] localhost/admin.php/login/dologin.html [运行时间：0.024120s][吞吐率：41.46req/s] [内存消耗：2,750.46kb] [文件加载：41]
[ info ] [ LANG ] /Users/sunxuegao/dev_soft/www/picture_cms/thinkphp/lang/zh-cn.php
[ info ] [ BIND ] 'admin'
[ info ] [ ROUTE ] array (
  'type' => 'module',
  'module' => 
  array (
    0 => 'admin',
    1 => 'login',
    2 => 'dologin',
  ),
)
[ info ] [ HEADER ] array (
  'host' => 'localhost',
  'user-agent' => 'Mozilla/5.0 (Macintosh; Intel Mac OS X 10.12; rv:50.0) Gecko/20100101 Firefox/50.0',
  'accept' => 'text/html,application/xhtml+xml,application/xml;q=0.9,*/*;q=0.8',
  'accept-language' => 'zh-CN,zh;q=0.8,en-US;q=0.5,en;q=0.3',
  'accept-encoding' => 'gzip, deflate',
  'referer' => 'http://localhost/admin.php/login/index.html',
  'cookie' => 'csrftoken=wVqkvl3ODenzL1KR8HvggRaXFSKlSnsT; Hm_lvt_ab8b04b0bf640ac196520db1cd029664=1482418247; PHPSESSID=arh9i2do1hsipffvdhmm41sl31',
  'connection' => 'keep-alive',
  'upgrade-insecure-requests' => '1',
  'content-type' => 'application/x-www-form-urlencoded',
  'content-length' => '37',
)
[ info ] [ PARAM ] array (
  'username' => 'admin',
  'password' => 'admin',
  'code' => '11',
)
[ info ] [ RUN ] app\admin\controller\Login->doLogin[ /Users/sunxuegao/dev_soft/www/picture_cms/application/admin/controller/Login.php ]
[ info ] [ DB ] INIT mysql
[ info ] [ SESSION ] INIT array (
  'id' => '',
  'var_session_id' => '',
  'prefix' => 'think',
  'type' => '',
  'auto_start' => true,
)
[ info ] [ DB ] INIT mysql
[ info ] [ VIEW ] /Users/sunxuegao/dev_soft/www/picture_cms/thinkphp/tpl/dispatch_jump.tpl [ array (
  0 => 'code',
  1 => 'msg',
  2 => 'data',
  3 => 'url',
  4 => 'wait',
) ]
[ info ] [ LOG ] INIT File

---------------------------------------------------------------
[ 2017-01-21T10:10:23+08:00 ] ::1 ::1 GET /admin.php/index/index.html
[ log ] localhost/admin.php/index/index.html [运行时间：0.012319s][吞吐率：81.18req/s] [内存消耗：1,738.37kb] [文件加载：34]
[ info ] [ LANG ] /Users/sunxuegao/dev_soft/www/picture_cms/thinkphp/lang/zh-cn.php
[ info ] [ BIND ] 'admin'
[ info ] [ ROUTE ] array (
  'type' => 'module',
  'module' => 
  array (
    0 => 'admin',
    1 => 'index',
    2 => 'index',
  ),
)
[ info ] [ HEADER ] array (
  'host' => 'localhost',
  'user-agent' => 'Mozilla/5.0 (Macintosh; Intel Mac OS X 10.12; rv:50.0) Gecko/20100101 Firefox/50.0',
  'accept' => 'text/html,application/xhtml+xml,application/xml;q=0.9,*/*;q=0.8',
  'accept-language' => 'zh-CN,zh;q=0.8,en-US;q=0.5,en;q=0.3',
  'accept-encoding' => 'gzip, deflate',
  'referer' => 'http://localhost/admin.php/login/dologin.html',
  'cookie' => 'csrftoken=wVqkvl3ODenzL1KR8HvggRaXFSKlSnsT; Hm_lvt_ab8b04b0bf640ac196520db1cd029664=1482418247; PHPSESSID=arh9i2do1hsipffvdhmm41sl31',
  'connection' => 'keep-alive',
  'upgrade-insecure-requests' => '1',
)
[ info ] [ PARAM ] array (
)
[ info ] [ SESSION ] INIT array (
  'id' => '',
  'var_session_id' => '',
  'prefix' => 'think',
  'type' => '',
  'auto_start' => true,
)
[ info ] [ RUN ] app\admin\controller\Index->index[ /Users/sunxuegao/dev_soft/www/picture_cms/application/admin/controller/Index.php ]
[ info ] [ VIEW ] /Users/sunxuegao/dev_soft/www/picture_cms/application/admin/view/index/index.html [ array (
  0 => 'server_info',
) ]
[ info ] [ LOG ] INIT File

---------------------------------------------------------------
[ 2017-01-21T10:10:25+08:00 ] ::1 ::1 GET /admin.php/article/index.html
[ log ] localhost/admin.php/article/index.html [运行时间：0.036452s][吞吐率：27.43req/s] [内存消耗：3,112.24kb] [文件加载：44]
[ info ] [ LANG ] /Users/sunxuegao/dev_soft/www/picture_cms/thinkphp/lang/zh-cn.php
[ info ] [ BIND ] 'admin'
[ info ] [ ROUTE ] array (
  'type' => 'module',
  'module' => 
  array (
    0 => 'admin',
    1 => 'article',
    2 => 'index',
  ),
)
[ info ] [ HEADER ] array (
  'host' => 'localhost',
  'user-agent' => 'Mozilla/5.0 (Macintosh; Intel Mac OS X 10.12; rv:50.0) Gecko/20100101 Firefox/50.0',
  'accept' => 'text/html,application/xhtml+xml,application/xml;q=0.9,*/*;q=0.8',
  'accept-language' => 'zh-CN,zh;q=0.8,en-US;q=0.5,en;q=0.3',
  'accept-encoding' => 'gzip, deflate',
  'referer' => 'http://localhost/admin.php/index/index.html',
  'cookie' => 'csrftoken=wVqkvl3ODenzL1KR8HvggRaXFSKlSnsT; Hm_lvt_ab8b04b0bf640ac196520db1cd029664=1482418247; PHPSESSID=arh9i2do1hsipffvdhmm41sl31',
  'connection' => 'keep-alive',
  'upgrade-insecure-requests' => '1',
)
[ info ] [ PARAM ] array (
)
[ info ] [ SESSION ] INIT array (
  'id' => '',
  'var_session_id' => '',
  'prefix' => 'think',
  'type' => '',
  'auto_start' => true,
)
[ info ] [ RUN ] app\admin\controller\Article->index[ /Users/sunxuegao/dev_soft/www/picture_cms/application/admin/controller/Article.php ]
[ info ] [ DB ] INIT mysql
[ info ] [ DB ] INIT mysql
[ info ] [ VIEW ] /Users/sunxuegao/dev_soft/www/picture_cms/application/admin/view/article/index.html [ array (
  0 => 'q',
  1 => 'catid',
  2 => 'article_list',
  3 => 'cate_list',
  4 => 'page',
) ]
[ info ] [ DB ] INIT mysql
[ info ] [ DB ] INIT mysql
[ info ] [ DB ] INIT mysql
[ info ] [ DB ] INIT mysql
[ info ] [ DB ] INIT mysql
[ info ] [ DB ] INIT mysql
[ info ] [ DB ] INIT mysql
[ info ] [ DB ] INIT mysql
[ info ] [ DB ] INIT mysql
[ info ] [ DB ] INIT mysql
[ info ] [ LOG ] INIT File

---------------------------------------------------------------
[ 2017-01-21T10:10:43+08:00 ] ::1 ::1 GET /admin.php/article/index.html
[ log ] localhost/admin.php/article/index.html [运行时间：0.038150s][吞吐率：26.21req/s] [内存消耗：3,112.31kb] [文件加载：44]
[ info ] [ LANG ] /Users/sunxuegao/dev_soft/www/picture_cms/thinkphp/lang/zh-cn.php
[ info ] [ BIND ] 'admin'
[ info ] [ ROUTE ] array (
  'type' => 'module',
  'module' => 
  array (
    0 => 'admin',
    1 => 'article',
    2 => 'index',
  ),
)
[ info ] [ HEADER ] array (
  'host' => 'localhost',
  'user-agent' => 'Mozilla/5.0 (Macintosh; Intel Mac OS X 10.12; rv:50.0) Gecko/20100101 Firefox/50.0',
  'accept' => 'text/html,application/xhtml+xml,application/xml;q=0.9,*/*;q=0.8',
  'accept-language' => 'zh-CN,zh;q=0.8,en-US;q=0.5,en;q=0.3',
  'accept-encoding' => 'gzip, deflate',
  'referer' => 'http://localhost/admin.php/article/index.html',
  'cookie' => 'csrftoken=wVqkvl3ODenzL1KR8HvggRaXFSKlSnsT; Hm_lvt_ab8b04b0bf640ac196520db1cd029664=1482418247; PHPSESSID=arh9i2do1hsipffvdhmm41sl31',
  'connection' => 'keep-alive',
  'upgrade-insecure-requests' => '1',
)
[ info ] [ PARAM ] array (
)
[ info ] [ SESSION ] INIT array (
  'id' => '',
  'var_session_id' => '',
  'prefix' => 'think',
  'type' => '',
  'auto_start' => true,
)
[ info ] [ RUN ] app\admin\controller\Article->index[ /Users/sunxuegao/dev_soft/www/picture_cms/application/admin/controller/Article.php ]
[ info ] [ DB ] INIT mysql
[ info ] [ DB ] INIT mysql
[ info ] [ VIEW ] /Users/sunxuegao/dev_soft/www/picture_cms/application/admin/view/article/index.html [ array (
  0 => 'q',
  1 => 'catid',
  2 => 'article_list',
  3 => 'cate_list',
  4 => 'page',
) ]
[ info ] [ DB ] INIT mysql
[ info ] [ DB ] INIT mysql
[ info ] [ DB ] INIT mysql
[ info ] [ DB ] INIT mysql
[ info ] [ DB ] INIT mysql
[ info ] [ DB ] INIT mysql
[ info ] [ DB ] INIT mysql
[ info ] [ DB ] INIT mysql
[ info ] [ DB ] INIT mysql
[ info ] [ DB ] INIT mysql
[ info ] [ LOG ] INIT File

---------------------------------------------------------------
[ 2017-01-21T10:11:01+08:00 ] ::1 ::1 GET /admin.php/scrollpicture/index.html
[ log ] localhost/admin.php/scrollpicture/index.html [运行时间：0.035270s][吞吐率：28.35req/s] [内存消耗：3,112.46kb] [文件加载：44]
[ info ] [ LANG ] /Users/sunxuegao/dev_soft/www/picture_cms/thinkphp/lang/zh-cn.php
[ info ] [ BIND ] 'admin'
[ info ] [ ROUTE ] array (
  'type' => 'module',
  'module' => 
  array (
    0 => 'admin',
    1 => 'scrollpicture',
    2 => 'index',
  ),
)
[ info ] [ HEADER ] array (
  'host' => 'localhost',
  'user-agent' => 'Mozilla/5.0 (Macintosh; Intel Mac OS X 10.12; rv:50.0) Gecko/20100101 Firefox/50.0',
  'accept' => 'text/html,application/xhtml+xml,application/xml;q=0.9,*/*;q=0.8',
  'accept-language' => 'zh-CN,zh;q=0.8,en-US;q=0.5,en;q=0.3',
  'accept-encoding' => 'gzip, deflate',
  'referer' => 'http://localhost/admin.php/article/index.html',
  'cookie' => 'csrftoken=wVqkvl3ODenzL1KR8HvggRaXFSKlSnsT; Hm_lvt_ab8b04b0bf640ac196520db1cd029664=1482418247; PHPSESSID=arh9i2do1hsipffvdhmm41sl31',
  'connection' => 'keep-alive',
  'upgrade-insecure-requests' => '1',
)
[ info ] [ PARAM ] array (
)
[ info ] [ SESSION ] INIT array (
  'id' => '',
  'var_session_id' => '',
  'prefix' => 'think',
  'type' => '',
  'auto_start' => true,
)
[ info ] [ RUN ] app\admin\controller\Scrollpicture->index[ /Users/sunxuegao/dev_soft/www/picture_cms/application/admin/controller/Scrollpicture.php ]
[ info ] [ DB ] INIT mysql
[ info ] [ DB ] INIT mysql
[ info ] [ VIEW ] /Users/sunxuegao/dev_soft/www/picture_cms/application/admin/view/scrollpicture/index.html [ array (
  0 => 'q',
  1 => 'catid',
  2 => 'article_list',
  3 => 'cate_list',
  4 => 'page',
) ]
[ info ] [ DB ] INIT mysql
[ info ] [ DB ] INIT mysql
[ info ] [ DB ] INIT mysql
[ info ] [ DB ] INIT mysql
[ info ] [ DB ] INIT mysql
[ info ] [ DB ] INIT mysql
[ info ] [ DB ] INIT mysql
[ info ] [ DB ] INIT mysql
[ info ] [ DB ] INIT mysql
[ info ] [ DB ] INIT mysql
[ info ] [ LOG ] INIT File

---------------------------------------------------------------
[ 2017-01-21T10:12:37+08:00 ] ::1 ::1 GET /admin.php/category/index.html
[ log ] localhost/admin.php/category/index.html [运行时间：0.062237s][吞吐率：16.07req/s] [内存消耗：3,087.80kb] [文件加载：42]
[ info ] [ LANG ] /Users/sunxuegao/dev_soft/www/picture_cms/thinkphp/lang/zh-cn.php
[ info ] [ BIND ] 'admin'
[ info ] [ ROUTE ] array (
  'type' => 'module',
  'module' => 
  array (
    0 => 'admin',
    1 => 'category',
    2 => 'index',
  ),
)
[ info ] [ HEADER ] array (
  'host' => 'localhost',
  'user-agent' => 'Mozilla/5.0 (Macintosh; Intel Mac OS X 10.12; rv:50.0) Gecko/20100101 Firefox/50.0',
  'accept' => 'text/html,application/xhtml+xml,application/xml;q=0.9,*/*;q=0.8',
  'accept-language' => 'zh-CN,zh;q=0.8,en-US;q=0.5,en;q=0.3',
  'accept-encoding' => 'gzip, deflate',
  'referer' => 'http://localhost/admin.php/scrollpicture/index.html',
  'cookie' => 'csrftoken=wVqkvl3ODenzL1KR8HvggRaXFSKlSnsT; Hm_lvt_ab8b04b0bf640ac196520db1cd029664=1482418247; PHPSESSID=arh9i2do1hsipffvdhmm41sl31',
  'connection' => 'keep-alive',
  'upgrade-insecure-requests' => '1',
)
[ info ] [ PARAM ] array (
)
[ info ] [ SESSION ] INIT array (
  'id' => '',
  'var_session_id' => '',
  'prefix' => 'think',
  'type' => '',
  'auto_start' => true,
)
[ info ] [ RUN ] app\admin\controller\Category->index[ /Users/sunxuegao/dev_soft/www/picture_cms/application/admin/controller/Category.php ]
[ info ] [ DB ] INIT mysql
[ info ] [ DB ] INIT mysql
[ info ] [ DB ] INIT mysql
[ info ] [ DB ] INIT mysql
[ info ] [ DB ] INIT mysql
[ info ] [ DB ] INIT mysql
[ info ] [ DB ] INIT mysql
[ info ] [ DB ] INIT mysql
[ info ] [ DB ] INIT mysql
[ info ] [ DB ] INIT mysql
[ info ] [ DB ] INIT mysql
[ info ] [ DB ] INIT mysql
[ info ] [ VIEW ] /Users/sunxuegao/dev_soft/www/picture_cms/application/admin/view/category/index.html [ array (
  0 => 'list',
) ]
[ info ] [ LOG ] INIT File

---------------------------------------------------------------
[ 2017-01-21T10:12:45+08:00 ] ::1 ::1 GET /admin.php/scrollpicture/index.html
[ log ] localhost/admin.php/scrollpicture/index.html [运行时间：0.034934s][吞吐率：28.63req/s] [内存消耗：3,112.46kb] [文件加载：44]
[ info ] [ LANG ] /Users/sunxuegao/dev_soft/www/picture_cms/thinkphp/lang/zh-cn.php
[ info ] [ BIND ] 'admin'
[ info ] [ ROUTE ] array (
  'type' => 'module',
  'module' => 
  array (
    0 => 'admin',
    1 => 'scrollpicture',
    2 => 'index',
  ),
)
[ info ] [ HEADER ] array (
  'host' => 'localhost',
  'user-agent' => 'Mozilla/5.0 (Macintosh; Intel Mac OS X 10.12; rv:50.0) Gecko/20100101 Firefox/50.0',
  'accept' => 'text/html,application/xhtml+xml,application/xml;q=0.9,*/*;q=0.8',
  'accept-language' => 'zh-CN,zh;q=0.8,en-US;q=0.5,en;q=0.3',
  'accept-encoding' => 'gzip, deflate',
  'referer' => 'http://localhost/admin.php/category/index.html',
  'cookie' => 'csrftoken=wVqkvl3ODenzL1KR8HvggRaXFSKlSnsT; Hm_lvt_ab8b04b0bf640ac196520db1cd029664=1482418247; PHPSESSID=arh9i2do1hsipffvdhmm41sl31',
  'connection' => 'keep-alive',
  'upgrade-insecure-requests' => '1',
)
[ info ] [ PARAM ] array (
)
[ info ] [ SESSION ] INIT array (
  'id' => '',
  'var_session_id' => '',
  'prefix' => 'think',
  'type' => '',
  'auto_start' => true,
)
[ info ] [ RUN ] app\admin\controller\Scrollpicture->index[ /Users/sunxuegao/dev_soft/www/picture_cms/application/admin/controller/Scrollpicture.php ]
[ info ] [ DB ] INIT mysql
[ info ] [ DB ] INIT mysql
[ info ] [ VIEW ] /Users/sunxuegao/dev_soft/www/picture_cms/application/admin/view/scrollpicture/index.html [ array (
  0 => 'q',
  1 => 'catid',
  2 => 'article_list',
  3 => 'cate_list',
  4 => 'page',
) ]
[ info ] [ DB ] INIT mysql
[ info ] [ DB ] INIT mysql
[ info ] [ DB ] INIT mysql
[ info ] [ DB ] INIT mysql
[ info ] [ DB ] INIT mysql
[ info ] [ DB ] INIT mysql
[ info ] [ DB ] INIT mysql
[ info ] [ DB ] INIT mysql
[ info ] [ DB ] INIT mysql
[ info ] [ DB ] INIT mysql
[ info ] [ LOG ] INIT File

---------------------------------------------------------------
[ 2017-01-21T10:12:46+08:00 ] ::1 ::1 GET /admin.php/article/index.html
[ log ] localhost/admin.php/article/index.html [运行时间：0.037002s][吞吐率：27.03req/s] [内存消耗：3,112.09kb] [文件加载：44]
[ info ] [ LANG ] /Users/sunxuegao/dev_soft/www/picture_cms/thinkphp/lang/zh-cn.php
[ info ] [ BIND ] 'admin'
[ info ] [ ROUTE ] array (
  'type' => 'module',
  'module' => 
  array (
    0 => 'admin',
    1 => 'article',
    2 => 'index',
  ),
)
[ info ] [ HEADER ] array (
  'host' => 'localhost',
  'user-agent' => 'Mozilla/5.0 (Macintosh; Intel Mac OS X 10.12; rv:50.0) Gecko/20100101 Firefox/50.0',
  'accept' => 'text/html,application/xhtml+xml,application/xml;q=0.9,*/*;q=0.8',
  'accept-language' => 'zh-CN,zh;q=0.8,en-US;q=0.5,en;q=0.3',
  'accept-encoding' => 'gzip, deflate',
  'referer' => 'http://localhost/admin.php/scrollpicture/index.html',
  'cookie' => 'csrftoken=wVqkvl3ODenzL1KR8HvggRaXFSKlSnsT; Hm_lvt_ab8b04b0bf640ac196520db1cd029664=1482418247; PHPSESSID=arh9i2do1hsipffvdhmm41sl31',
  'connection' => 'keep-alive',
  'upgrade-insecure-requests' => '1',
)
[ info ] [ PARAM ] array (
)
[ info ] [ SESSION ] INIT array (
  'id' => '',
  'var_session_id' => '',
  'prefix' => 'think',
  'type' => '',
  'auto_start' => true,
)
[ info ] [ RUN ] app\admin\controller\Article->index[ /Users/sunxuegao/dev_soft/www/picture_cms/application/admin/controller/Article.php ]
[ info ] [ DB ] INIT mysql
[ info ] [ DB ] INIT mysql
[ info ] [ VIEW ] /Users/sunxuegao/dev_soft/www/picture_cms/application/admin/view/article/index.html [ array (
  0 => 'q',
  1 => 'catid',
  2 => 'article_list',
  3 => 'cate_list',
  4 => 'page',
) ]
[ info ] [ DB ] INIT mysql
[ info ] [ DB ] INIT mysql
[ info ] [ DB ] INIT mysql
[ info ] [ DB ] INIT mysql
[ info ] [ DB ] INIT mysql
[ info ] [ DB ] INIT mysql
[ info ] [ DB ] INIT mysql
[ info ] [ DB ] INIT mysql
[ info ] [ DB ] INIT mysql
[ info ] [ DB ] INIT mysql
[ info ] [ LOG ] INIT File

---------------------------------------------------------------
[ 2017-01-21T10:16:51+08:00 ] ::1 ::1 GET /admin.php/scrollpicture/index.html
[ log ] localhost/admin.php/scrollpicture/index.html [运行时间：0.047290s][吞吐率：21.15req/s] [内存消耗：3,320.99kb] [文件加载：46]
[ info ] [ LANG ] /Users/sunxuegao/dev_soft/www/picture_cms/thinkphp/lang/zh-cn.php
[ info ] [ BIND ] 'admin'
[ info ] [ ROUTE ] array (
  'type' => 'module',
  'module' => 
  array (
    0 => 'admin',
    1 => 'scrollpicture',
    2 => 'index',
  ),
)
[ info ] [ HEADER ] array (
  'host' => 'localhost',
  'user-agent' => 'Mozilla/5.0 (Macintosh; Intel Mac OS X 10.12; rv:50.0) Gecko/20100101 Firefox/50.0',
  'accept' => 'text/html,application/xhtml+xml,application/xml;q=0.9,*/*;q=0.8',
  'accept-language' => 'zh-CN,zh;q=0.8,en-US;q=0.5,en;q=0.3',
  'accept-encoding' => 'gzip, deflate',
  'referer' => 'http://localhost/admin.php/article/index.html',
  'cookie' => 'csrftoken=wVqkvl3ODenzL1KR8HvggRaXFSKlSnsT; Hm_lvt_ab8b04b0bf640ac196520db1cd029664=1482418247; PHPSESSID=arh9i2do1hsipffvdhmm41sl31',
  'connection' => 'keep-alive',
  'upgrade-insecure-requests' => '1',
)
[ info ] [ PARAM ] array (
)
[ info ] [ SESSION ] INIT array (
  'id' => '',
  'var_session_id' => '',
  'prefix' => 'think',
  'type' => '',
  'auto_start' => true,
)
[ info ] [ RUN ] app\admin\controller\Scrollpicture->index[ /Users/sunxuegao/dev_soft/www/picture_cms/application/admin/controller/Scrollpicture.php ]
[ info ] [ DB ] INIT mysql
[ info ] [ DB ] INIT mysql
[ info ] [ VIEW ] /Users/sunxuegao/dev_soft/www/picture_cms/application/admin/view/scrollpicture/index.html [ array (
  0 => 'q',
  1 => 'catid',
  2 => 'article_list',
  3 => 'cate_list',
  4 => 'page',
) ]
[ info ] [ DB ] INIT mysql
[ info ] [ DB ] INIT mysql
[ info ] [ DB ] INIT mysql
[ info ] [ DB ] INIT mysql
[ info ] [ DB ] INIT mysql
[ info ] [ DB ] INIT mysql
[ info ] [ DB ] INIT mysql
[ info ] [ DB ] INIT mysql
[ info ] [ DB ] INIT mysql
[ info ] [ DB ] INIT mysql
[ info ] [ LOG ] INIT File

---------------------------------------------------------------
[ 2017-01-21T10:16:58+08:00 ] ::1 ::1 GET /admin.php/article/index.html?catid=4
[ log ] localhost/admin.php/article/index.html?catid=4 [运行时间：0.031361s][吞吐率：31.89req/s] [内存消耗：2,994.52kb] [文件加载：44]
[ info ] [ LANG ] /Users/sunxuegao/dev_soft/www/picture_cms/thinkphp/lang/zh-cn.php
[ info ] [ BIND ] 'admin'
[ info ] [ ROUTE ] array (
  'type' => 'module',
  'module' => 
  array (
    0 => 'admin',
    1 => 'article',
    2 => 'index',
  ),
)
[ info ] [ HEADER ] array (
  'host' => 'localhost',
  'user-agent' => 'Mozilla/5.0 (Macintosh; Intel Mac OS X 10.12; rv:50.0) Gecko/20100101 Firefox/50.0',
  'accept' => 'text/html,application/xhtml+xml,application/xml;q=0.9,*/*;q=0.8',
  'accept-language' => 'zh-CN,zh;q=0.8,en-US;q=0.5,en;q=0.3',
  'accept-encoding' => 'gzip, deflate',
  'referer' => 'http://localhost/admin.php/scrollpicture/index.html',
  'cookie' => 'csrftoken=wVqkvl3ODenzL1KR8HvggRaXFSKlSnsT; Hm_lvt_ab8b04b0bf640ac196520db1cd029664=1482418247; PHPSESSID=arh9i2do1hsipffvdhmm41sl31',
  'connection' => 'keep-alive',
  'upgrade-insecure-requests' => '1',
)
[ info ] [ PARAM ] array (
  'catid' => '4',
)
[ info ] [ SESSION ] INIT array (
  'id' => '',
  'var_session_id' => '',
  'prefix' => 'think',
  'type' => '',
  'auto_start' => true,
)
[ info ] [ RUN ] app\admin\controller\Article->index[ /Users/sunxuegao/dev_soft/www/picture_cms/application/admin/controller/Article.php ]
[ info ] [ DB ] INIT mysql
[ info ] [ DB ] INIT mysql
[ info ] [ VIEW ] /Users/sunxuegao/dev_soft/www/picture_cms/application/admin/view/article/index.html [ array (
  0 => 'q',
  1 => 'catid',
  2 => 'article_list',
  3 => 'cate_list',
  4 => 'page',
) ]
[ info ] [ DB ] INIT mysql
[ info ] [ DB ] INIT mysql
[ info ] [ DB ] INIT mysql
[ info ] [ DB ] INIT mysql
[ info ] [ DB ] INIT mysql
[ info ] [ DB ] INIT mysql
[ info ] [ LOG ] INIT File

---------------------------------------------------------------
[ 2017-01-21T10:18:02+08:00 ] ::1 ::1 GET /admin.php/scrollpicture/index.html
[ log ] localhost/admin.php/scrollpicture/index.html [运行时间：0.036228s][吞吐率：27.60req/s] [内存消耗：3,111.10kb] [文件加载：44]
[ info ] [ LANG ] /Users/sunxuegao/dev_soft/www/picture_cms/thinkphp/lang/zh-cn.php
[ info ] [ BIND ] 'admin'
[ info ] [ ROUTE ] array (
  'type' => 'module',
  'module' => 
  array (
    0 => 'admin',
    1 => 'scrollpicture',
    2 => 'index',
  ),
)
[ info ] [ HEADER ] array (
  'host' => 'localhost',
  'user-agent' => 'Mozilla/5.0 (Macintosh; Intel Mac OS X 10.12; rv:50.0) Gecko/20100101 Firefox/50.0',
  'accept' => 'text/html,application/xhtml+xml,application/xml;q=0.9,*/*;q=0.8',
  'accept-language' => 'zh-CN,zh;q=0.8,en-US;q=0.5,en;q=0.3',
  'accept-encoding' => 'gzip, deflate',
  'referer' => 'http://localhost/admin.php/article/index.html?catid=4',
  'cookie' => 'csrftoken=wVqkvl3ODenzL1KR8HvggRaXFSKlSnsT; Hm_lvt_ab8b04b0bf640ac196520db1cd029664=1482418247; PHPSESSID=arh9i2do1hsipffvdhmm41sl31',
  'connection' => 'keep-alive',
  'upgrade-insecure-requests' => '1',
)
[ info ] [ PARAM ] array (
)
[ info ] [ SESSION ] INIT array (
  'id' => '',
  'var_session_id' => '',
  'prefix' => 'think',
  'type' => '',
  'auto_start' => true,
)
[ info ] [ RUN ] app\admin\controller\Scrollpicture->index[ /Users/sunxuegao/dev_soft/www/picture_cms/application/admin/controller/Scrollpicture.php ]
[ info ] [ DB ] INIT mysql
[ info ] [ DB ] INIT mysql
[ info ] [ VIEW ] /Users/sunxuegao/dev_soft/www/picture_cms/application/admin/view/scrollpicture/index.html [ array (
  0 => 'q',
  1 => 'catid',
  2 => 'article_list',
  3 => 'cate_list',
  4 => 'page',
) ]
[ info ] [ DB ] INIT mysql
[ info ] [ DB ] INIT mysql
[ info ] [ DB ] INIT mysql
[ info ] [ DB ] INIT mysql
[ info ] [ DB ] INIT mysql
[ info ] [ DB ] INIT mysql
[ info ] [ DB ] INIT mysql
[ info ] [ DB ] INIT mysql
[ info ] [ DB ] INIT mysql
[ info ] [ DB ] INIT mysql
[ info ] [ LOG ] INIT File

---------------------------------------------------------------
[ 2017-01-21T10:18:06+08:00 ] ::1 ::1 GET /admin.php/article/index.html?catid=4
[ log ] localhost/admin.php/article/index.html?catid=4 [运行时间：0.034908s][吞吐率：28.65req/s] [内存消耗：2,994.13kb] [文件加载：44]
[ info ] [ LANG ] /Users/sunxuegao/dev_soft/www/picture_cms/thinkphp/lang/zh-cn.php
[ info ] [ BIND ] 'admin'
[ info ] [ ROUTE ] array (
  'type' => 'module',
  'module' => 
  array (
    0 => 'admin',
    1 => 'article',
    2 => 'index',
  ),
)
[ info ] [ HEADER ] array (
  'host' => 'localhost',
  'user-agent' => 'Mozilla/5.0 (Macintosh; Intel Mac OS X 10.12; rv:50.0) Gecko/20100101 Firefox/50.0',
  'accept' => 'text/html,application/xhtml+xml,application/xml;q=0.9,*/*;q=0.8',
  'accept-language' => 'zh-CN,zh;q=0.8,en-US;q=0.5,en;q=0.3',
  'accept-encoding' => 'gzip, deflate',
  'referer' => 'http://localhost/admin.php/scrollpicture/index.html',
  'cookie' => 'csrftoken=wVqkvl3ODenzL1KR8HvggRaXFSKlSnsT; Hm_lvt_ab8b04b0bf640ac196520db1cd029664=1482418247; PHPSESSID=arh9i2do1hsipffvdhmm41sl31',
  'connection' => 'keep-alive',
  'upgrade-insecure-requests' => '1',
)
[ info ] [ PARAM ] array (
  'catid' => '4',
)
[ info ] [ SESSION ] INIT array (
  'id' => '',
  'var_session_id' => '',
  'prefix' => 'think',
  'type' => '',
  'auto_start' => true,
)
[ info ] [ RUN ] app\admin\controller\Article->index[ /Users/sunxuegao/dev_soft/www/picture_cms/application/admin/controller/Article.php ]
[ info ] [ DB ] INIT mysql
[ info ] [ DB ] INIT mysql
[ info ] [ VIEW ] /Users/sunxuegao/dev_soft/www/picture_cms/application/admin/view/article/index.html [ array (
  0 => 'q',
  1 => 'catid',
  2 => 'article_list',
  3 => 'cate_list',
  4 => 'page',
) ]
[ info ] [ DB ] INIT mysql
[ info ] [ DB ] INIT mysql
[ info ] [ DB ] INIT mysql
[ info ] [ DB ] INIT mysql
[ info ] [ DB ] INIT mysql
[ info ] [ DB ] INIT mysql
[ info ] [ LOG ] INIT File

---------------------------------------------------------------
[ 2017-01-21T10:20:10+08:00 ] ::1 ::1 GET /admin.php/scrollpicture/index.html
[ log ] localhost/admin.php/scrollpicture/index.html [运行时间：0.025880s][吞吐率：38.64req/s] [内存消耗：2,634.32kb] [文件加载：42]
[ info ] [ LANG ] /Users/sunxuegao/dev_soft/www/picture_cms/thinkphp/lang/zh-cn.php
[ info ] [ BIND ] 'admin'
[ info ] [ ROUTE ] array (
  'type' => 'module',
  'module' => 
  array (
    0 => 'admin',
    1 => 'scrollpicture',
    2 => 'index',
  ),
)
[ info ] [ HEADER ] array (
  'host' => 'localhost',
  'user-agent' => 'Mozilla/5.0 (Macintosh; Intel Mac OS X 10.12; rv:50.0) Gecko/20100101 Firefox/50.0',
  'accept' => 'text/html,application/xhtml+xml,application/xml;q=0.9,*/*;q=0.8',
  'accept-language' => 'zh-CN,zh;q=0.8,en-US;q=0.5,en;q=0.3',
  'accept-encoding' => 'gzip, deflate',
  'referer' => 'http://localhost/admin.php/article/index.html?catid=4',
  'cookie' => 'csrftoken=wVqkvl3ODenzL1KR8HvggRaXFSKlSnsT; Hm_lvt_ab8b04b0bf640ac196520db1cd029664=1482418247; PHPSESSID=arh9i2do1hsipffvdhmm41sl31',
  'connection' => 'keep-alive',
  'upgrade-insecure-requests' => '1',
)
[ info ] [ PARAM ] array (
)
[ info ] [ SESSION ] INIT array (
  'id' => '',
  'var_session_id' => '',
  'prefix' => 'think',
  'type' => '',
  'auto_start' => true,
)
[ info ] [ RUN ] app\admin\controller\Scrollpicture->index[ /Users/sunxuegao/dev_soft/www/picture_cms/application/admin/controller/Scrollpicture.php ]
[ info ] [ DB ] INIT mysql
[ info ] [ LOG ] INIT File
[ error ] [8]未定义变量: article_list[/Users/sunxuegao/dev_soft/www/picture_cms/application/admin/controller/Scrollpicture.php:29]

---------------------------------------------------------------
[ 2017-01-21T10:20:26+08:00 ] ::1 ::1 GET /admin.php/scrollpicture/index.html
[ log ] localhost/admin.php/scrollpicture/index.html [运行时间：0.024110s][吞吐率：41.48req/s] [内存消耗：2,635.55kb] [文件加载：42]
[ info ] [ LANG ] /Users/sunxuegao/dev_soft/www/picture_cms/thinkphp/lang/zh-cn.php
[ info ] [ BIND ] 'admin'
[ info ] [ ROUTE ] array (
  'type' => 'module',
  'module' => 
  array (
    0 => 'admin',
    1 => 'scrollpicture',
    2 => 'index',
  ),
)
[ info ] [ HEADER ] array (
  'host' => 'localhost',
  'user-agent' => 'Mozilla/5.0 (Macintosh; Intel Mac OS X 10.12; rv:50.0) Gecko/20100101 Firefox/50.0',
  'accept' => 'text/html,application/xhtml+xml,application/xml;q=0.9,*/*;q=0.8',
  'accept-language' => 'zh-CN,zh;q=0.8,en-US;q=0.5,en;q=0.3',
  'accept-encoding' => 'gzip, deflate',
  'referer' => 'http://localhost/admin.php/article/index.html?catid=4',
  'cookie' => 'csrftoken=wVqkvl3ODenzL1KR8HvggRaXFSKlSnsT; Hm_lvt_ab8b04b0bf640ac196520db1cd029664=1482418247; PHPSESSID=arh9i2do1hsipffvdhmm41sl31',
  'connection' => 'keep-alive',
  'upgrade-insecure-requests' => '1',
  'cache-control' => 'max-age=0',
)
[ info ] [ PARAM ] array (
)
[ info ] [ SESSION ] INIT array (
  'id' => '',
  'var_session_id' => '',
  'prefix' => 'think',
  'type' => '',
  'auto_start' => true,
)
[ info ] [ RUN ] app\admin\controller\Scrollpicture->index[ /Users/sunxuegao/dev_soft/www/picture_cms/application/admin/controller/Scrollpicture.php ]
[ info ] [ DB ] INIT mysql
[ info ] [ LOG ] INIT File
[ error ] [8]未定义变量: page[/Users/sunxuegao/dev_soft/www/picture_cms/application/admin/controller/Scrollpicture.php:31]

---------------------------------------------------------------
[ 2017-01-21T10:23:14+08:00 ] ::1 ::1 GET /admin.php/scrollpicture/index.html
[ log ] localhost/admin.php/scrollpicture/index.html [运行时间：0.027638s][吞吐率：36.18req/s] [内存消耗：2,635.55kb] [文件加载：42]
[ info ] [ LANG ] /Users/sunxuegao/dev_soft/www/picture_cms/thinkphp/lang/zh-cn.php
[ info ] [ BIND ] 'admin'
[ info ] [ ROUTE ] array (
  'type' => 'module',
  'module' => 
  array (
    0 => 'admin',
    1 => 'scrollpicture',
    2 => 'index',
  ),
)
[ info ] [ HEADER ] array (
  'host' => 'localhost',
  'user-agent' => 'Mozilla/5.0 (Macintosh; Intel Mac OS X 10.12; rv:50.0) Gecko/20100101 Firefox/50.0',
  'accept' => 'text/html,application/xhtml+xml,application/xml;q=0.9,*/*;q=0.8',
  'accept-language' => 'zh-CN,zh;q=0.8,en-US;q=0.5,en;q=0.3',
  'accept-encoding' => 'gzip, deflate',
  'referer' => 'http://localhost/admin.php/article/index.html?catid=4',
  'cookie' => 'csrftoken=wVqkvl3ODenzL1KR8HvggRaXFSKlSnsT; Hm_lvt_ab8b04b0bf640ac196520db1cd029664=1482418247; PHPSESSID=arh9i2do1hsipffvdhmm41sl31',
  'connection' => 'keep-alive',
  'upgrade-insecure-requests' => '1',
  'cache-control' => 'max-age=0',
)
[ info ] [ PARAM ] array (
)
[ info ] [ SESSION ] INIT array (
  'id' => '',
  'var_session_id' => '',
  'prefix' => 'think',
  'type' => '',
  'auto_start' => true,
)
[ info ] [ RUN ] app\admin\controller\Scrollpicture->index[ /Users/sunxuegao/dev_soft/www/picture_cms/application/admin/controller/Scrollpicture.php ]
[ info ] [ DB ] INIT mysql
[ info ] [ LOG ] INIT File
[ error ] [8]未定义变量: page[/Users/sunxuegao/dev_soft/www/picture_cms/application/admin/controller/Scrollpicture.php:31]

---------------------------------------------------------------
[ 2017-01-21T10:27:49+08:00 ] ::1 ::1 GET /admin.php/scrollpicture/index.html
[ log ] localhost/admin.php/scrollpicture/index.html [运行时间：0.012985s][吞吐率：77.01req/s] [内存消耗：1,793.00kb] [文件加载：36]
[ info ] [ LANG ] /Users/sunxuegao/dev_soft/www/picture_cms/thinkphp/lang/zh-cn.php
[ info ] [ BIND ] 'admin'
[ info ] [ ROUTE ] array (
  'type' => 'module',
  'module' => 
  array (
    0 => 'admin',
    1 => 'scrollpicture',
    2 => 'index',
  ),
)
[ info ] [ HEADER ] array (
  'host' => 'localhost',
  'user-agent' => 'Mozilla/5.0 (Macintosh; Intel Mac OS X 10.12; rv:50.0) Gecko/20100101 Firefox/50.0',
  'accept' => 'text/html,application/xhtml+xml,application/xml;q=0.9,*/*;q=0.8',
  'accept-language' => 'zh-CN,zh;q=0.8,en-US;q=0.5,en;q=0.3',
  'accept-encoding' => 'gzip, deflate',
  'referer' => 'http://localhost/admin.php/article/index.html?catid=4',
  'cookie' => 'csrftoken=wVqkvl3ODenzL1KR8HvggRaXFSKlSnsT; Hm_lvt_ab8b04b0bf640ac196520db1cd029664=1482418247; PHPSESSID=arh9i2do1hsipffvdhmm41sl31',
  'connection' => 'keep-alive',
  'upgrade-insecure-requests' => '1',
  'cache-control' => 'max-age=0',
)
[ info ] [ PARAM ] array (
)
[ info ] [ SESSION ] INIT array (
  'id' => '',
  'var_session_id' => '',
  'prefix' => 'think',
  'type' => '',
  'auto_start' => true,
)
[ info ] [ RUN ] app\admin\controller\Scrollpicture->index[ /Users/sunxuegao/dev_soft/www/picture_cms/application/admin/controller/Scrollpicture.php ]
[ info ] [ LOG ] INIT File
[ error ] [8]未定义变量: article_list[/Users/sunxuegao/dev_soft/www/picture_cms/application/admin/controller/Scrollpicture.php:24]

---------------------------------------------------------------
[ 2017-01-21T10:28:42+08:00 ] ::1 ::1 GET /admin.php/scrollpicture/index.html
[ log ] localhost/admin.php/scrollpicture/index.html [运行时间：0.033382s][吞吐率：29.96req/s] [内存消耗：2,943.05kb] [文件加载：48]
[ info ] [ LANG ] /Users/sunxuegao/dev_soft/www/picture_cms/thinkphp/lang/zh-cn.php
[ info ] [ BIND ] 'admin'
[ info ] [ ROUTE ] array (
  'type' => 'module',
  'module' => 
  array (
    0 => 'admin',
    1 => 'scrollpicture',
    2 => 'index',
  ),
)
[ info ] [ HEADER ] array (
  'host' => 'localhost',
  'user-agent' => 'Mozilla/5.0 (Macintosh; Intel Mac OS X 10.12; rv:50.0) Gecko/20100101 Firefox/50.0',
  'accept' => 'text/html,application/xhtml+xml,application/xml;q=0.9,*/*;q=0.8',
  'accept-language' => 'zh-CN,zh;q=0.8,en-US;q=0.5,en;q=0.3',
  'accept-encoding' => 'gzip, deflate',
  'referer' => 'http://localhost/admin.php/article/index.html?catid=4',
  'cookie' => 'csrftoken=wVqkvl3ODenzL1KR8HvggRaXFSKlSnsT; Hm_lvt_ab8b04b0bf640ac196520db1cd029664=1482418247; PHPSESSID=arh9i2do1hsipffvdhmm41sl31',
  'connection' => 'keep-alive',
  'upgrade-insecure-requests' => '1',
  'cache-control' => 'max-age=0',
)
[ info ] [ PARAM ] array (
)
[ info ] [ SESSION ] INIT array (
  'id' => '',
  'var_session_id' => '',
  'prefix' => 'think',
  'type' => '',
  'auto_start' => true,
)
[ info ] [ RUN ] app\admin\controller\Scrollpicture->index[ /Users/sunxuegao/dev_soft/www/picture_cms/application/admin/controller/Scrollpicture.php ]
[ info ] [ DB ] INIT mysql
[ info ] [ DB ] INIT mysql
[ info ] [ VIEW ] /Users/sunxuegao/dev_soft/www/picture_cms/application/admin/view/scrollpicture/index.html [ array (
  0 => 'catid',
  1 => 'cate_list',
  2 => 'page',
) ]
[ info ] [ LOG ] INIT File
[ error ] [8]未定义变量: article_list[/Users/sunxuegao/dev_soft/www/picture_cms/runtime/temp/e216037cea6bac1ceef68a88a504a5d6.php:127]

---------------------------------------------------------------
[ 2017-01-21T10:47:58+08:00 ] ::1 ::1 GET /
[ log ] localhost/ [运行时间：0.029878s][吞吐率：33.47req/s] [内存消耗：2,626.05kb] [文件加载：39]
[ info ] [ LANG ] /Users/sunxuegao/dev_soft/www/picture_cms/thinkphp/lang/zh-cn.php
[ info ] [ BIND ] 'index'
[ info ] [ ROUTE ] array (
  'type' => 'module',
  'module' => 
  array (
    0 => 'index',
    1 => NULL,
    2 => NULL,
  ),
)
[ info ] [ HEADER ] array (
  'host' => 'localhost',
  'user-agent' => 'Mozilla/5.0 (Macintosh; Intel Mac OS X 10.12; rv:50.0) Gecko/20100101 Firefox/50.0',
  'accept' => 'text/html,application/xhtml+xml,application/xml;q=0.9,*/*;q=0.8',
  'accept-language' => 'zh-CN,zh;q=0.8,en-US;q=0.5,en;q=0.3',
  'accept-encoding' => 'gzip, deflate',
  'cookie' => 'csrftoken=wVqkvl3ODenzL1KR8HvggRaXFSKlSnsT; Hm_lvt_ab8b04b0bf640ac196520db1cd029664=1482418247; PHPSESSID=arh9i2do1hsipffvdhmm41sl31',
  'connection' => 'keep-alive',
  'upgrade-insecure-requests' => '1',
)
[ info ] [ PARAM ] array (
)
[ info ] [ DB ] INIT mysql
[ info ] [ DB ] INIT mysql
[ info ] [ RUN ] app\index\controller\Index->index[ /Users/sunxuegao/dev_soft/www/picture_cms/application/index/controller/Index.php ]
[ info ] [ DB ] INIT mysql
[ info ] [ DB ] INIT mysql
[ info ] [ VIEW ] /Users/sunxuegao/dev_soft/www/picture_cms/application/index/view/index/index.html [ array (
  0 => 'categorys',
  1 => 'seo',
  2 => 'indexCate',
) ]
[ info ] [ LOG ] INIT File

---------------------------------------------------------------
[ 2017-01-21T10:48:07+08:00 ] ::1 ::1 GET /
[ log ] localhost/ [运行时间：0.031584s][吞吐率：31.66req/s] [内存消耗：2,626.63kb] [文件加载：39]
[ info ] [ LANG ] /Users/sunxuegao/dev_soft/www/picture_cms/thinkphp/lang/zh-cn.php
[ info ] [ BIND ] 'index'
[ info ] [ ROUTE ] array (
  'type' => 'module',
  'module' => 
  array (
    0 => 'index',
    1 => NULL,
    2 => NULL,
  ),
)
[ info ] [ HEADER ] array (
  'host' => 'localhost',
  'user-agent' => 'Mozilla/5.0 (Macintosh; Intel Mac OS X 10.12; rv:50.0) Gecko/20100101 Firefox/50.0',
  'accept' => 'text/html,application/xhtml+xml,application/xml;q=0.9,*/*;q=0.8',
  'accept-language' => 'zh-CN,zh;q=0.8,en-US;q=0.5,en;q=0.3',
  'accept-encoding' => 'gzip, deflate',
  'referer' => 'http://localhost/',
  'cookie' => 'csrftoken=wVqkvl3ODenzL1KR8HvggRaXFSKlSnsT; Hm_lvt_ab8b04b0bf640ac196520db1cd029664=1482418247; PHPSESSID=arh9i2do1hsipffvdhmm41sl31',
  'connection' => 'keep-alive',
  'upgrade-insecure-requests' => '1',
)
[ info ] [ PARAM ] array (
)
[ info ] [ DB ] INIT mysql
[ info ] [ DB ] INIT mysql
[ info ] [ RUN ] app\index\controller\Index->index[ /Users/sunxuegao/dev_soft/www/picture_cms/application/index/controller/Index.php ]
[ info ] [ DB ] INIT mysql
[ info ] [ DB ] INIT mysql
[ info ] [ VIEW ] /Users/sunxuegao/dev_soft/www/picture_cms/application/index/view/index/index.html [ array (
  0 => 'categorys',
  1 => 'seo',
  2 => 'indexCate',
) ]
[ info ] [ LOG ] INIT File

---------------------------------------------------------------
[ 2017-01-21T10:48:07+08:00 ] ::1 ::1 GET /
[ log ] localhost/ [运行时间：0.028872s][吞吐率：34.64req/s] [内存消耗：2,626.71kb] [文件加载：39]
[ info ] [ LANG ] /Users/sunxuegao/dev_soft/www/picture_cms/thinkphp/lang/zh-cn.php
[ info ] [ BIND ] 'index'
[ info ] [ ROUTE ] array (
  'type' => 'module',
  'module' => 
  array (
    0 => 'index',
    1 => NULL,
    2 => NULL,
  ),
)
[ info ] [ HEADER ] array (
  'host' => 'localhost',
  'user-agent' => 'Mozilla/5.0 (Macintosh; Intel Mac OS X 10.12; rv:50.0) Gecko/20100101 Firefox/50.0',
  'accept' => 'text/html,application/xhtml+xml,application/xml;q=0.9,*/*;q=0.8',
  'accept-language' => 'zh-CN,zh;q=0.8,en-US;q=0.5,en;q=0.3',
  'accept-encoding' => 'gzip, deflate',
  'referer' => 'http://localhost/',
  'cookie' => 'csrftoken=wVqkvl3ODenzL1KR8HvggRaXFSKlSnsT; Hm_lvt_ab8b04b0bf640ac196520db1cd029664=1482418247; PHPSESSID=arh9i2do1hsipffvdhmm41sl31',
  'connection' => 'keep-alive',
  'upgrade-insecure-requests' => '1',
)
[ info ] [ PARAM ] array (
)
[ info ] [ DB ] INIT mysql
[ info ] [ DB ] INIT mysql
[ info ] [ RUN ] app\index\controller\Index->index[ /Users/sunxuegao/dev_soft/www/picture_cms/application/index/controller/Index.php ]
[ info ] [ DB ] INIT mysql
[ info ] [ DB ] INIT mysql
[ info ] [ VIEW ] /Users/sunxuegao/dev_soft/www/picture_cms/application/index/view/index/index.html [ array (
  0 => 'categorys',
  1 => 'seo',
  2 => 'indexCate',
) ]
[ info ] [ LOG ] INIT File

---------------------------------------------------------------
[ 2017-01-21T10:48:14+08:00 ] ::1 ::1 GET /index.php/Category/show/catid/4
[ log ] localhost/index.php/Category/show/catid/4 [运行时间：0.032888s][吞吐率：30.41req/s] [内存消耗：2,849.56kb] [文件加载：43]
[ info ] [ LANG ] /Users/sunxuegao/dev_soft/www/picture_cms/thinkphp/lang/zh-cn.php
[ info ] [ BIND ] 'index'
[ info ] [ ROUTE ] array (
  'type' => 'module',
  'module' => 
  array (
    0 => 'index',
    1 => 'Category',
    2 => 'show',
  ),
)
[ info ] [ HEADER ] array (
  'host' => 'localhost',
  'user-agent' => 'Mozilla/5.0 (Macintosh; Intel Mac OS X 10.12; rv:50.0) Gecko/20100101 Firefox/50.0',
  'accept' => 'text/html,application/xhtml+xml,application/xml;q=0.9,*/*;q=0.8',
  'accept-language' => 'zh-CN,zh;q=0.8,en-US;q=0.5,en;q=0.3',
  'accept-encoding' => 'gzip, deflate',
  'referer' => 'http://localhost/',
  'cookie' => 'csrftoken=wVqkvl3ODenzL1KR8HvggRaXFSKlSnsT; Hm_lvt_ab8b04b0bf640ac196520db1cd029664=1482418247; PHPSESSID=arh9i2do1hsipffvdhmm41sl31',
  'connection' => 'keep-alive',
  'upgrade-insecure-requests' => '1',
)
[ info ] [ PARAM ] array (
  'catid' => '4',
)
[ info ] [ DB ] INIT mysql
[ info ] [ DB ] INIT mysql
[ info ] [ RUN ] app\index\controller\Category->show[ /Users/sunxuegao/dev_soft/www/picture_cms/application/index/controller/Category.php ]
[ info ] [ DB ] INIT mysql
[ info ] [ DB ] INIT mysql
[ info ] [ DB ] INIT mysql
[ info ] [ DB ] INIT mysql
[ info ] [ VIEW ] /Users/sunxuegao/dev_soft/www/picture_cms/application/index/view/category/list.html [ array (
  0 => 'categorys',
  1 => 'category',
  2 => 'subcate',
  3 => 'samecate',
  4 => 'article_list',
  5 => 'page',
  6 => 'seo',
) ]
[ info ] [ LOG ] INIT File

---------------------------------------------------------------
[ 2017-01-21T10:48:21+08:00 ] ::1 ::1 GET /index.php/Category/show/catid/5
[ log ] localhost/index.php/Category/show/catid/5 [运行时间：0.031821s][吞吐率：31.43req/s] [内存消耗：2,851.48kb] [文件加载：43]
[ info ] [ LANG ] /Users/sunxuegao/dev_soft/www/picture_cms/thinkphp/lang/zh-cn.php
[ info ] [ BIND ] 'index'
[ info ] [ ROUTE ] array (
  'type' => 'module',
  'module' => 
  array (
    0 => 'index',
    1 => 'Category',
    2 => 'show',
  ),
)
[ info ] [ HEADER ] array (
  'host' => 'localhost',
  'user-agent' => 'Mozilla/5.0 (Macintosh; Intel Mac OS X 10.12; rv:50.0) Gecko/20100101 Firefox/50.0',
  'accept' => 'text/html,application/xhtml+xml,application/xml;q=0.9,*/*;q=0.8',
  'accept-language' => 'zh-CN,zh;q=0.8,en-US;q=0.5,en;q=0.3',
  'accept-encoding' => 'gzip, deflate',
  'referer' => 'http://localhost/index.php/Category/show/catid/4',
  'cookie' => 'csrftoken=wVqkvl3ODenzL1KR8HvggRaXFSKlSnsT; Hm_lvt_ab8b04b0bf640ac196520db1cd029664=1482418247; PHPSESSID=arh9i2do1hsipffvdhmm41sl31',
  'connection' => 'keep-alive',
  'upgrade-insecure-requests' => '1',
)
[ info ] [ PARAM ] array (
  'catid' => '5',
)
[ info ] [ DB ] INIT mysql
[ info ] [ DB ] INIT mysql
[ info ] [ RUN ] app\index\controller\Category->show[ /Users/sunxuegao/dev_soft/www/picture_cms/application/index/controller/Category.php ]
[ info ] [ DB ] INIT mysql
[ info ] [ DB ] INIT mysql
[ info ] [ DB ] INIT mysql
[ info ] [ DB ] INIT mysql
[ info ] [ VIEW ] /Users/sunxuegao/dev_soft/www/picture_cms/application/index/view/category/list.html [ array (
  0 => 'categorys',
  1 => 'category',
  2 => 'subcate',
  3 => 'samecate',
  4 => 'article_list',
  5 => 'page',
  6 => 'seo',
) ]
[ info ] [ LOG ] INIT File

---------------------------------------------------------------
[ 2017-01-21T10:48:22+08:00 ] ::1 ::1 GET /index.php/Category/show/catid/6
[ log ] localhost/index.php/Category/show/catid/6 [运行时间：0.033652s][吞吐率：29.72req/s] [内存消耗：2,826.80kb] [文件加载：43]
[ info ] [ LANG ] /Users/sunxuegao/dev_soft/www/picture_cms/thinkphp/lang/zh-cn.php
[ info ] [ BIND ] 'index'
[ info ] [ ROUTE ] array (
  'type' => 'module',
  'module' => 
  array (
    0 => 'index',
    1 => 'Category',
    2 => 'show',
  ),
)
[ info ] [ HEADER ] array (
  'host' => 'localhost',
  'user-agent' => 'Mozilla/5.0 (Macintosh; Intel Mac OS X 10.12; rv:50.0) Gecko/20100101 Firefox/50.0',
  'accept' => 'text/html,application/xhtml+xml,application/xml;q=0.9,*/*;q=0.8',
  'accept-language' => 'zh-CN,zh;q=0.8,en-US;q=0.5,en;q=0.3',
  'accept-encoding' => 'gzip, deflate',
  'referer' => 'http://localhost/index.php/Category/show/catid/5',
  'cookie' => 'csrftoken=wVqkvl3ODenzL1KR8HvggRaXFSKlSnsT; Hm_lvt_ab8b04b0bf640ac196520db1cd029664=1482418247; PHPSESSID=arh9i2do1hsipffvdhmm41sl31',
  'connection' => 'keep-alive',
  'upgrade-insecure-requests' => '1',
)
[ info ] [ PARAM ] array (
  'catid' => '6',
)
[ info ] [ DB ] INIT mysql
[ info ] [ DB ] INIT mysql
[ info ] [ RUN ] app\index\controller\Category->show[ /Users/sunxuegao/dev_soft/www/picture_cms/application/index/controller/Category.php ]
[ info ] [ DB ] INIT mysql
[ info ] [ DB ] INIT mysql
[ info ] [ DB ] INIT mysql
[ info ] [ DB ] INIT mysql
[ info ] [ VIEW ] /Users/sunxuegao/dev_soft/www/picture_cms/application/index/view/category/list.html [ array (
  0 => 'categorys',
  1 => 'category',
  2 => 'subcate',
  3 => 'samecate',
  4 => 'article_list',
  5 => 'page',
  6 => 'seo',
) ]
[ info ] [ LOG ] INIT File

---------------------------------------------------------------
[ 2017-01-21T10:48:24+08:00 ] ::1 ::1 GET /index.php/Category/show/catid/1
[ log ] localhost/index.php/Category/show/catid/1 [运行时间：0.031685s][吞吐率：31.56req/s] [内存消耗：2,857.56kb] [文件加载：43]
[ info ] [ LANG ] /Users/sunxuegao/dev_soft/www/picture_cms/thinkphp/lang/zh-cn.php
[ info ] [ BIND ] 'index'
[ info ] [ ROUTE ] array (
  'type' => 'module',
  'module' => 
  array (
    0 => 'index',
    1 => 'Category',
    2 => 'show',
  ),
)
[ info ] [ HEADER ] array (
  'host' => 'localhost',
  'user-agent' => 'Mozilla/5.0 (Macintosh; Intel Mac OS X 10.12; rv:50.0) Gecko/20100101 Firefox/50.0',
  'accept' => 'text/html,application/xhtml+xml,application/xml;q=0.9,*/*;q=0.8',
  'accept-language' => 'zh-CN,zh;q=0.8,en-US;q=0.5,en;q=0.3',
  'accept-encoding' => 'gzip, deflate',
  'referer' => 'http://localhost/index.php/Category/show/catid/6',
  'cookie' => 'csrftoken=wVqkvl3ODenzL1KR8HvggRaXFSKlSnsT; Hm_lvt_ab8b04b0bf640ac196520db1cd029664=1482418247; PHPSESSID=arh9i2do1hsipffvdhmm41sl31',
  'connection' => 'keep-alive',
  'upgrade-insecure-requests' => '1',
)
[ info ] [ PARAM ] array (
  'catid' => '1',
)
[ info ] [ DB ] INIT mysql
[ info ] [ DB ] INIT mysql
[ info ] [ RUN ] app\index\controller\Category->show[ /Users/sunxuegao/dev_soft/www/picture_cms/application/index/controller/Category.php ]
[ info ] [ DB ] INIT mysql
[ info ] [ DB ] INIT mysql
[ info ] [ DB ] INIT mysql
[ info ] [ DB ] INIT mysql
[ info ] [ VIEW ] /Users/sunxuegao/dev_soft/www/picture_cms/application/index/view/category/category.html [ array (
  0 => 'categorys',
  1 => 'category',
  2 => 'subcate',
  3 => 'samecate',
  4 => 'article_list',
  5 => 'page',
  6 => 'seo',
) ]
[ info ] [ LOG ] INIT File

---------------------------------------------------------------
[ 2017-01-21T10:48:26+08:00 ] ::1 ::1 GET /index.php/Category/show/catid/2
[ log ] localhost/index.php/Category/show/catid/2 [运行时间：0.032745s][吞吐率：30.54req/s] [内存消耗：2,842.57kb] [文件加载：43]
[ info ] [ LANG ] /Users/sunxuegao/dev_soft/www/picture_cms/thinkphp/lang/zh-cn.php
[ info ] [ BIND ] 'index'
[ info ] [ ROUTE ] array (
  'type' => 'module',
  'module' => 
  array (
    0 => 'index',
    1 => 'Category',
    2 => 'show',
  ),
)
[ info ] [ HEADER ] array (
  'host' => 'localhost',
  'user-agent' => 'Mozilla/5.0 (Macintosh; Intel Mac OS X 10.12; rv:50.0) Gecko/20100101 Firefox/50.0',
  'accept' => 'text/html,application/xhtml+xml,application/xml;q=0.9,*/*;q=0.8',
  'accept-language' => 'zh-CN,zh;q=0.8,en-US;q=0.5,en;q=0.3',
  'accept-encoding' => 'gzip, deflate',
  'referer' => 'http://localhost/index.php/Category/show/catid/1',
  'cookie' => 'csrftoken=wVqkvl3ODenzL1KR8HvggRaXFSKlSnsT; Hm_lvt_ab8b04b0bf640ac196520db1cd029664=1482418247; PHPSESSID=arh9i2do1hsipffvdhmm41sl31',
  'connection' => 'keep-alive',
  'upgrade-insecure-requests' => '1',
)
[ info ] [ PARAM ] array (
  'catid' => '2',
)
[ info ] [ DB ] INIT mysql
[ info ] [ DB ] INIT mysql
[ info ] [ RUN ] app\index\controller\Category->show[ /Users/sunxuegao/dev_soft/www/picture_cms/application/index/controller/Category.php ]
[ info ] [ DB ] INIT mysql
[ info ] [ DB ] INIT mysql
[ info ] [ DB ] INIT mysql
[ info ] [ DB ] INIT mysql
[ info ] [ VIEW ] /Users/sunxuegao/dev_soft/www/picture_cms/application/index/view/category/category.html [ array (
  0 => 'categorys',
  1 => 'category',
  2 => 'subcate',
  3 => 'samecate',
  4 => 'article_list',
  5 => 'page',
  6 => 'seo',
) ]
[ info ] [ LOG ] INIT File

---------------------------------------------------------------
[ 2017-01-21T10:48:28+08:00 ] ::1 ::1 GET /index.php/Category/show/catid/7
[ log ] localhost/index.php/Category/show/catid/7 [运行时间：0.031848s][吞吐率：31.40req/s] [内存消耗：2,834.35kb] [文件加载：43]
[ info ] [ LANG ] /Users/sunxuegao/dev_soft/www/picture_cms/thinkphp/lang/zh-cn.php
[ info ] [ BIND ] 'index'
[ info ] [ ROUTE ] array (
  'type' => 'module',
  'module' => 
  array (
    0 => 'index',
    1 => 'Category',
    2 => 'show',
  ),
)
[ info ] [ HEADER ] array (
  'host' => 'localhost',
  'user-agent' => 'Mozilla/5.0 (Macintosh; Intel Mac OS X 10.12; rv:50.0) Gecko/20100101 Firefox/50.0',
  'accept' => 'text/html,application/xhtml+xml,application/xml;q=0.9,*/*;q=0.8',
  'accept-language' => 'zh-CN,zh;q=0.8,en-US;q=0.5,en;q=0.3',
  'accept-encoding' => 'gzip, deflate',
  'referer' => 'http://localhost/index.php/Category/show/catid/2',
  'cookie' => 'csrftoken=wVqkvl3ODenzL1KR8HvggRaXFSKlSnsT; Hm_lvt_ab8b04b0bf640ac196520db1cd029664=1482418247; PHPSESSID=arh9i2do1hsipffvdhmm41sl31',
  'connection' => 'keep-alive',
  'upgrade-insecure-requests' => '1',
)
[ info ] [ PARAM ] array (
  'catid' => '7',
)
[ info ] [ DB ] INIT mysql
[ info ] [ DB ] INIT mysql
[ info ] [ RUN ] app\index\controller\Category->show[ /Users/sunxuegao/dev_soft/www/picture_cms/application/index/controller/Category.php ]
[ info ] [ DB ] INIT mysql
[ info ] [ DB ] INIT mysql
[ info ] [ DB ] INIT mysql
[ info ] [ DB ] INIT mysql
[ info ] [ VIEW ] /Users/sunxuegao/dev_soft/www/picture_cms/application/index/view/category/list.html [ array (
  0 => 'categorys',
  1 => 'category',
  2 => 'subcate',
  3 => 'samecate',
  4 => 'article_list',
  5 => 'page',
  6 => 'seo',
) ]
[ info ] [ LOG ] INIT File

---------------------------------------------------------------
[ 2017-01-21T10:48:29+08:00 ] ::1 ::1 GET /index.php/Article/show/catid/7/id/14
[ log ] localhost/index.php/Article/show/catid/7/id/14 [运行时间：0.033839s][吞吐率：29.55req/s] [内存消耗：2,654.32kb] [文件加载：39]
[ info ] [ LANG ] /Users/sunxuegao/dev_soft/www/picture_cms/thinkphp/lang/zh-cn.php
[ info ] [ BIND ] 'index'
[ info ] [ ROUTE ] array (
  'type' => 'module',
  'module' => 
  array (
    0 => 'index',
    1 => 'Article',
    2 => 'show',
  ),
)
[ info ] [ HEADER ] array (
  'host' => 'localhost',
  'user-agent' => 'Mozilla/5.0 (Macintosh; Intel Mac OS X 10.12; rv:50.0) Gecko/20100101 Firefox/50.0',
  'accept' => 'text/html,application/xhtml+xml,application/xml;q=0.9,*/*;q=0.8',
  'accept-language' => 'zh-CN,zh;q=0.8,en-US;q=0.5,en;q=0.3',
  'accept-encoding' => 'gzip, deflate',
  'referer' => 'http://localhost/index.php/Category/show/catid/7',
  'cookie' => 'csrftoken=wVqkvl3ODenzL1KR8HvggRaXFSKlSnsT; Hm_lvt_ab8b04b0bf640ac196520db1cd029664=1482418247; PHPSESSID=arh9i2do1hsipffvdhmm41sl31',
  'connection' => 'keep-alive',
  'upgrade-insecure-requests' => '1',
)
[ info ] [ PARAM ] array (
  'catid' => '7',
  'id' => '14',
)
[ info ] [ DB ] INIT mysql
[ info ] [ DB ] INIT mysql
[ info ] [ RUN ] app\index\controller\Article->show[ /Users/sunxuegao/dev_soft/www/picture_cms/application/index/controller/Article.php ]
[ info ] [ DB ] INIT mysql
[ info ] [ DB ] INIT mysql
[ info ] [ DB ] INIT mysql
[ info ] [ VIEW ] /Users/sunxuegao/dev_soft/www/picture_cms/application/index/view/article/show.html [ array (
  0 => 'categorys',
  1 => 'category',
  2 => 'keywords',
  3 => 'article',
  4 => 'subcate',
  5 => 'samecate',
  6 => 'previous_page',
  7 => 'next_page',
  8 => 'seo',
) ]
[ info ] [ LOG ] INIT File

---------------------------------------------------------------
[ 2017-01-21T10:49:09+08:00 ] ::1 ::1 GET /admin.php/
[ log ] localhost/admin.php/ [运行时间：0.011939s][吞吐率：83.76req/s] [内存消耗：1,737.73kb] [文件加载：34]
[ info ] [ LANG ] /Users/sunxuegao/dev_soft/www/picture_cms/thinkphp/lang/zh-cn.php
[ info ] [ BIND ] 'admin'
[ info ] [ ROUTE ] array (
  'type' => 'module',
  'module' => 
  array (
    0 => 'admin',
    1 => NULL,
    2 => NULL,
  ),
)
[ info ] [ HEADER ] array (
  'host' => 'localhost',
  'user-agent' => 'Mozilla/5.0 (Macintosh; Intel Mac OS X 10.12; rv:50.0) Gecko/20100101 Firefox/50.0',
  'accept' => 'text/html,application/xhtml+xml,application/xml;q=0.9,*/*;q=0.8',
  'accept-language' => 'zh-CN,zh;q=0.8,en-US;q=0.5,en;q=0.3',
  'accept-encoding' => 'gzip, deflate',
  'cookie' => 'csrftoken=wVqkvl3ODenzL1KR8HvggRaXFSKlSnsT; Hm_lvt_ab8b04b0bf640ac196520db1cd029664=1482418247; PHPSESSID=arh9i2do1hsipffvdhmm41sl31',
  'connection' => 'keep-alive',
  'upgrade-insecure-requests' => '1',
)
[ info ] [ PARAM ] array (
)
[ info ] [ SESSION ] INIT array (
  'id' => '',
  'var_session_id' => '',
  'prefix' => 'think',
  'type' => '',
  'auto_start' => true,
)
[ info ] [ RUN ] app\admin\controller\Index->index[ /Users/sunxuegao/dev_soft/www/picture_cms/application/admin/controller/Index.php ]
[ info ] [ VIEW ] /Users/sunxuegao/dev_soft/www/picture_cms/application/admin/view/index/index.html [ array (
  0 => 'server_info',
) ]
[ info ] [ LOG ] INIT File

---------------------------------------------------------------
[ 2017-01-21T10:49:12+08:00 ] ::1 ::1 GET /admin.php/article/index.html
[ log ] localhost/admin.php/article/index.html [运行时间：0.039941s][吞吐率：25.04req/s] [内存消耗：3,111.81kb] [文件加载：44]
[ info ] [ LANG ] /Users/sunxuegao/dev_soft/www/picture_cms/thinkphp/lang/zh-cn.php
[ info ] [ BIND ] 'admin'
[ info ] [ ROUTE ] array (
  'type' => 'module',
  'module' => 
  array (
    0 => 'admin',
    1 => 'article',
    2 => 'index',
  ),
)
[ info ] [ HEADER ] array (
  'host' => 'localhost',
  'user-agent' => 'Mozilla/5.0 (Macintosh; Intel Mac OS X 10.12; rv:50.0) Gecko/20100101 Firefox/50.0',
  'accept' => 'text/html,application/xhtml+xml,application/xml;q=0.9,*/*;q=0.8',
  'accept-language' => 'zh-CN,zh;q=0.8,en-US;q=0.5,en;q=0.3',
  'accept-encoding' => 'gzip, deflate',
  'referer' => 'http://localhost/admin.php/',
  'cookie' => 'csrftoken=wVqkvl3ODenzL1KR8HvggRaXFSKlSnsT; Hm_lvt_ab8b04b0bf640ac196520db1cd029664=1482418247; PHPSESSID=arh9i2do1hsipffvdhmm41sl31',
  'connection' => 'keep-alive',
  'upgrade-insecure-requests' => '1',
)
[ info ] [ PARAM ] array (
)
[ info ] [ SESSION ] INIT array (
  'id' => '',
  'var_session_id' => '',
  'prefix' => 'think',
  'type' => '',
  'auto_start' => true,
)
[ info ] [ RUN ] app\admin\controller\Article->index[ /Users/sunxuegao/dev_soft/www/picture_cms/application/admin/controller/Article.php ]
[ info ] [ DB ] INIT mysql
[ info ] [ DB ] INIT mysql
[ info ] [ VIEW ] /Users/sunxuegao/dev_soft/www/picture_cms/application/admin/view/article/index.html [ array (
  0 => 'q',
  1 => 'catid',
  2 => 'article_list',
  3 => 'cate_list',
  4 => 'page',
) ]
[ info ] [ DB ] INIT mysql
[ info ] [ DB ] INIT mysql
[ info ] [ DB ] INIT mysql
[ info ] [ DB ] INIT mysql
[ info ] [ DB ] INIT mysql
[ info ] [ DB ] INIT mysql
[ info ] [ DB ] INIT mysql
[ info ] [ DB ] INIT mysql
[ info ] [ DB ] INIT mysql
[ info ] [ DB ] INIT mysql
[ info ] [ LOG ] INIT File

---------------------------------------------------------------
[ 2017-01-21T10:49:23+08:00 ] ::1 ::1 GET /admin.php/article/index.html
[ log ] localhost/admin.php/article/index.html [运行时间：0.038459s][吞吐率：26.00req/s] [内存消耗：3,112.10kb] [文件加载：44]
[ info ] [ LANG ] /Users/sunxuegao/dev_soft/www/picture_cms/thinkphp/lang/zh-cn.php
[ info ] [ BIND ] 'admin'
[ info ] [ ROUTE ] array (
  'type' => 'module',
  'module' => 
  array (
    0 => 'admin',
    1 => 'article',
    2 => 'index',
  ),
)
[ info ] [ HEADER ] array (
  'host' => 'localhost',
  'user-agent' => 'Mozilla/5.0 (Macintosh; Intel Mac OS X 10.12; rv:50.0) Gecko/20100101 Firefox/50.0',
  'accept' => 'text/html,application/xhtml+xml,application/xml;q=0.9,*/*;q=0.8',
  'accept-language' => 'zh-CN,zh;q=0.8,en-US;q=0.5,en;q=0.3',
  'accept-encoding' => 'gzip, deflate',
  'referer' => 'http://localhost/admin.php/article/index.html',
  'cookie' => 'csrftoken=wVqkvl3ODenzL1KR8HvggRaXFSKlSnsT; Hm_lvt_ab8b04b0bf640ac196520db1cd029664=1482418247; PHPSESSID=arh9i2do1hsipffvdhmm41sl31',
  'connection' => 'keep-alive',
  'upgrade-insecure-requests' => '1',
)
[ info ] [ PARAM ] array (
)
[ info ] [ SESSION ] INIT array (
  'id' => '',
  'var_session_id' => '',
  'prefix' => 'think',
  'type' => '',
  'auto_start' => true,
)
[ info ] [ RUN ] app\admin\controller\Article->index[ /Users/sunxuegao/dev_soft/www/picture_cms/application/admin/controller/Article.php ]
[ info ] [ DB ] INIT mysql
[ info ] [ DB ] INIT mysql
[ info ] [ VIEW ] /Users/sunxuegao/dev_soft/www/picture_cms/application/admin/view/article/index.html [ array (
  0 => 'q',
  1 => 'catid',
  2 => 'article_list',
  3 => 'cate_list',
  4 => 'page',
) ]
[ info ] [ DB ] INIT mysql
[ info ] [ DB ] INIT mysql
[ info ] [ DB ] INIT mysql
[ info ] [ DB ] INIT mysql
[ info ] [ DB ] INIT mysql
[ info ] [ DB ] INIT mysql
[ info ] [ DB ] INIT mysql
[ info ] [ DB ] INIT mysql
[ info ] [ DB ] INIT mysql
[ info ] [ DB ] INIT mysql
[ info ] [ LOG ] INIT File

---------------------------------------------------------------
[ 2017-01-21T10:49:43+08:00 ] ::1 ::1 GET /admin.php/category/index.html
[ log ] localhost/admin.php/category/index.html [运行时间：0.036457s][吞吐率：27.43req/s] [内存消耗：2,882.16kb] [文件加载：40]
[ info ] [ LANG ] /Users/sunxuegao/dev_soft/www/picture_cms/thinkphp/lang/zh-cn.php
[ info ] [ BIND ] 'admin'
[ info ] [ ROUTE ] array (
  'type' => 'module',
  'module' => 
  array (
    0 => 'admin',
    1 => 'category',
    2 => 'index',
  ),
)
[ info ] [ HEADER ] array (
  'host' => 'localhost',
  'user-agent' => 'Mozilla/5.0 (Macintosh; Intel Mac OS X 10.12; rv:50.0) Gecko/20100101 Firefox/50.0',
  'accept' => 'text/html,application/xhtml+xml,application/xml;q=0.9,*/*;q=0.8',
  'accept-language' => 'zh-CN,zh;q=0.8,en-US;q=0.5,en;q=0.3',
  'accept-encoding' => 'gzip, deflate',
  'referer' => 'http://localhost/admin.php/article/index.html',
  'cookie' => 'csrftoken=wVqkvl3ODenzL1KR8HvggRaXFSKlSnsT; Hm_lvt_ab8b04b0bf640ac196520db1cd029664=1482418247; PHPSESSID=arh9i2do1hsipffvdhmm41sl31',
  'connection' => 'keep-alive',
  'upgrade-insecure-requests' => '1',
)
[ info ] [ PARAM ] array (
)
[ info ] [ SESSION ] INIT array (
  'id' => '',
  'var_session_id' => '',
  'prefix' => 'think',
  'type' => '',
  'auto_start' => true,
)
[ info ] [ RUN ] app\admin\controller\Category->index[ /Users/sunxuegao/dev_soft/www/picture_cms/application/admin/controller/Category.php ]
[ info ] [ DB ] INIT mysql
[ info ] [ DB ] INIT mysql
[ info ] [ DB ] INIT mysql
[ info ] [ DB ] INIT mysql
[ info ] [ DB ] INIT mysql
[ info ] [ DB ] INIT mysql
[ info ] [ DB ] INIT mysql
[ info ] [ DB ] INIT mysql
[ info ] [ DB ] INIT mysql
[ info ] [ DB ] INIT mysql
[ info ] [ DB ] INIT mysql
[ info ] [ DB ] INIT mysql
[ info ] [ VIEW ] /Users/sunxuegao/dev_soft/www/picture_cms/application/admin/view/category/index.html [ array (
  0 => 'list',
) ]
[ info ] [ LOG ] INIT File

---------------------------------------------------------------
[ 2017-01-21T10:49:55+08:00 ] ::1 ::1 GET /admin.php/tag/index.html
[ log ] localhost/admin.php/tag/index.html [运行时间：0.049273s][吞吐率：20.30req/s] [内存消耗：3,455.69kb] [文件加载：46]
[ info ] [ LANG ] /Users/sunxuegao/dev_soft/www/picture_cms/thinkphp/lang/zh-cn.php
[ info ] [ BIND ] 'admin'
[ info ] [ ROUTE ] array (
  'type' => 'module',
  'module' => 
  array (
    0 => 'admin',
    1 => 'tag',
    2 => 'index',
  ),
)
[ info ] [ HEADER ] array (
  'host' => 'localhost',
  'user-agent' => 'Mozilla/5.0 (Macintosh; Intel Mac OS X 10.12; rv:50.0) Gecko/20100101 Firefox/50.0',
  'accept' => 'text/html,application/xhtml+xml,application/xml;q=0.9,*/*;q=0.8',
  'accept-language' => 'zh-CN,zh;q=0.8,en-US;q=0.5,en;q=0.3',
  'accept-encoding' => 'gzip, deflate',
  'referer' => 'http://localhost/admin.php/category/index.html',
  'cookie' => 'csrftoken=wVqkvl3ODenzL1KR8HvggRaXFSKlSnsT; Hm_lvt_ab8b04b0bf640ac196520db1cd029664=1482418247; PHPSESSID=arh9i2do1hsipffvdhmm41sl31',
  'connection' => 'keep-alive',
  'upgrade-insecure-requests' => '1',
)
[ info ] [ PARAM ] array (
)
[ info ] [ SESSION ] INIT array (
  'id' => '',
  'var_session_id' => '',
  'prefix' => 'think',
  'type' => '',
  'auto_start' => true,
)
[ info ] [ RUN ] app\admin\controller\Tag->index[ /Users/sunxuegao/dev_soft/www/picture_cms/application/admin/controller/Tag.php ]
[ info ] [ DB ] INIT mysql
[ info ] [ DB ] INIT mysql
[ info ] [ DB ] INIT mysql
[ info ] [ DB ] INIT mysql
[ info ] [ DB ] INIT mysql
[ info ] [ DB ] INIT mysql
[ info ] [ DB ] INIT mysql
[ info ] [ DB ] INIT mysql
[ info ] [ DB ] INIT mysql
[ info ] [ DB ] INIT mysql
[ info ] [ DB ] INIT mysql
[ info ] [ DB ] INIT mysql
[ info ] [ DB ] INIT mysql
[ info ] [ DB ] INIT mysql
[ info ] [ DB ] INIT mysql
[ info ] [ DB ] INIT mysql
[ info ] [ DB ] INIT mysql
[ info ] [ DB ] INIT mysql
[ info ] [ DB ] INIT mysql
[ info ] [ DB ] INIT mysql
[ info ] [ VIEW ] /Users/sunxuegao/dev_soft/www/picture_cms/application/admin/view/tag/index.html [ array (
  0 => 'tag_list',
  1 => 'page',
) ]
[ info ] [ LOG ] INIT File

---------------------------------------------------------------
[ 2017-01-21T10:49:59+08:00 ] ::1 ::1 GET /admin.php/attachment/index.html
[ log ] localhost/admin.php/attachment/index.html [运行时间：0.024389s][吞吐率：41.00req/s] [内存消耗：2,773.77kb] [文件加载：44]
[ info ] [ LANG ] /Users/sunxuegao/dev_soft/www/picture_cms/thinkphp/lang/zh-cn.php
[ info ] [ BIND ] 'admin'
[ info ] [ ROUTE ] array (
  'type' => 'module',
  'module' => 
  array (
    0 => 'admin',
    1 => 'attachment',
    2 => 'index',
  ),
)
[ info ] [ HEADER ] array (
  'host' => 'localhost',
  'user-agent' => 'Mozilla/5.0 (Macintosh; Intel Mac OS X 10.12; rv:50.0) Gecko/20100101 Firefox/50.0',
  'accept' => 'text/html,application/xhtml+xml,application/xml;q=0.9,*/*;q=0.8',
  'accept-language' => 'zh-CN,zh;q=0.8,en-US;q=0.5,en;q=0.3',
  'accept-encoding' => 'gzip, deflate',
  'referer' => 'http://localhost/admin.php/tag/index.html',
  'cookie' => 'csrftoken=wVqkvl3ODenzL1KR8HvggRaXFSKlSnsT; Hm_lvt_ab8b04b0bf640ac196520db1cd029664=1482418247; PHPSESSID=arh9i2do1hsipffvdhmm41sl31',
  'connection' => 'keep-alive',
  'upgrade-insecure-requests' => '1',
)
[ info ] [ PARAM ] array (
)
[ info ] [ SESSION ] INIT array (
  'id' => '',
  'var_session_id' => '',
  'prefix' => 'think',
  'type' => '',
  'auto_start' => true,
)
[ info ] [ RUN ] app\admin\controller\Attachment->index[ /Users/sunxuegao/dev_soft/www/picture_cms/application/admin/controller/Attachment.php ]
[ info ] [ DB ] INIT mysql
[ info ] [ DB ] INIT mysql
[ info ] [ DB ] INIT mysql
[ info ] [ VIEW ] /Users/sunxuegao/dev_soft/www/picture_cms/application/admin/view/attachment/index.html [ array (
  0 => 'list',
  1 => 'page',
) ]
[ info ] [ LOG ] INIT File

---------------------------------------------------------------
[ 2017-01-21T10:50:11+08:00 ] ::1 ::1 GET /admin.php/scrollpicture/index.html
[ log ] localhost/admin.php/scrollpicture/index.html [运行时间：0.027639s][吞吐率：36.18req/s] [内存消耗：2,943.10kb] [文件加载：48]
[ info ] [ LANG ] /Users/sunxuegao/dev_soft/www/picture_cms/thinkphp/lang/zh-cn.php
[ info ] [ BIND ] 'admin'
[ info ] [ ROUTE ] array (
  'type' => 'module',
  'module' => 
  array (
    0 => 'admin',
    1 => 'scrollpicture',
    2 => 'index',
  ),
)
[ info ] [ HEADER ] array (
  'host' => 'localhost',
  'user-agent' => 'Mozilla/5.0 (Macintosh; Intel Mac OS X 10.12; rv:50.0) Gecko/20100101 Firefox/50.0',
  'accept' => 'text/html,application/xhtml+xml,application/xml;q=0.9,*/*;q=0.8',
  'accept-language' => 'zh-CN,zh;q=0.8,en-US;q=0.5,en;q=0.3',
  'accept-encoding' => 'gzip, deflate',
  'referer' => 'http://localhost/admin.php/attachment/index.html',
  'cookie' => 'csrftoken=wVqkvl3ODenzL1KR8HvggRaXFSKlSnsT; Hm_lvt_ab8b04b0bf640ac196520db1cd029664=1482418247; PHPSESSID=arh9i2do1hsipffvdhmm41sl31',
  'connection' => 'keep-alive',
  'upgrade-insecure-requests' => '1',
)
[ info ] [ PARAM ] array (
)
[ info ] [ SESSION ] INIT array (
  'id' => '',
  'var_session_id' => '',
  'prefix' => 'think',
  'type' => '',
  'auto_start' => true,
)
[ info ] [ RUN ] app\admin\controller\Scrollpicture->index[ /Users/sunxuegao/dev_soft/www/picture_cms/application/admin/controller/Scrollpicture.php ]
[ info ] [ DB ] INIT mysql
[ info ] [ DB ] INIT mysql
[ info ] [ VIEW ] /Users/sunxuegao/dev_soft/www/picture_cms/application/admin/view/scrollpicture/index.html [ array (
  0 => 'catid',
  1 => 'cate_list',
  2 => 'page',
) ]
[ info ] [ LOG ] INIT File
[ error ] [8]未定义变量: article_list[/Users/sunxuegao/dev_soft/www/picture_cms/runtime/temp/e216037cea6bac1ceef68a88a504a5d6.php:127]

---------------------------------------------------------------
[ 2017-01-21T10:50:21+08:00 ] ::1 ::1 GET /index.php/Category/show/catid/8
[ log ] localhost/index.php/Category/show/catid/8 [运行时间：0.031176s][吞吐率：32.08req/s] [内存消耗：2,827.22kb] [文件加载：43]
[ info ] [ LANG ] /Users/sunxuegao/dev_soft/www/picture_cms/thinkphp/lang/zh-cn.php
[ info ] [ BIND ] 'index'
[ info ] [ ROUTE ] array (
  'type' => 'module',
  'module' => 
  array (
    0 => 'index',
    1 => 'Category',
    2 => 'show',
  ),
)
[ info ] [ HEADER ] array (
  'host' => 'localhost',
  'user-agent' => 'Mozilla/5.0 (Macintosh; Intel Mac OS X 10.12; rv:50.0) Gecko/20100101 Firefox/50.0',
  'accept' => 'text/html,application/xhtml+xml,application/xml;q=0.9,*/*;q=0.8',
  'accept-language' => 'zh-CN,zh;q=0.8,en-US;q=0.5,en;q=0.3',
  'accept-encoding' => 'gzip, deflate',
  'referer' => 'http://localhost/index.php/Article/show/catid/7/id/14',
  'cookie' => 'csrftoken=wVqkvl3ODenzL1KR8HvggRaXFSKlSnsT; Hm_lvt_ab8b04b0bf640ac196520db1cd029664=1482418247; PHPSESSID=arh9i2do1hsipffvdhmm41sl31',
  'connection' => 'keep-alive',
  'upgrade-insecure-requests' => '1',
)
[ info ] [ PARAM ] array (
  'catid' => '8',
)
[ info ] [ DB ] INIT mysql
[ info ] [ DB ] INIT mysql
[ info ] [ RUN ] app\index\controller\Category->show[ /Users/sunxuegao/dev_soft/www/picture_cms/application/index/controller/Category.php ]
[ info ] [ DB ] INIT mysql
[ info ] [ DB ] INIT mysql
[ info ] [ DB ] INIT mysql
[ info ] [ DB ] INIT mysql
[ info ] [ VIEW ] /Users/sunxuegao/dev_soft/www/picture_cms/application/index/view/category/list.html [ array (
  0 => 'categorys',
  1 => 'category',
  2 => 'subcate',
  3 => 'samecate',
  4 => 'article_list',
  5 => 'page',
  6 => 'seo',
) ]
[ info ] [ LOG ] INIT File

---------------------------------------------------------------
[ 2017-01-21T10:51:12+08:00 ] ::1 ::1 GET /
[ log ] localhost/ [运行时间：0.028685s][吞吐率：34.86req/s] [内存消耗：2,626.74kb] [文件加载：39]
[ info ] [ LANG ] /Users/sunxuegao/dev_soft/www/picture_cms/thinkphp/lang/zh-cn.php
[ info ] [ BIND ] 'index'
[ info ] [ ROUTE ] array (
  'type' => 'module',
  'module' => 
  array (
    0 => 'index',
    1 => NULL,
    2 => NULL,
  ),
)
[ info ] [ HEADER ] array (
  'host' => 'localhost',
  'user-agent' => 'Mozilla/5.0 (Macintosh; Intel Mac OS X 10.12; rv:50.0) Gecko/20100101 Firefox/50.0',
  'accept' => 'text/html,application/xhtml+xml,application/xml;q=0.9,*/*;q=0.8',
  'accept-language' => 'zh-CN,zh;q=0.8,en-US;q=0.5,en;q=0.3',
  'accept-encoding' => 'gzip, deflate',
  'referer' => 'http://localhost/index.php/Category/show/catid/8',
  'cookie' => 'csrftoken=wVqkvl3ODenzL1KR8HvggRaXFSKlSnsT; Hm_lvt_ab8b04b0bf640ac196520db1cd029664=1482418247; PHPSESSID=arh9i2do1hsipffvdhmm41sl31',
  'connection' => 'keep-alive',
  'upgrade-insecure-requests' => '1',
)
[ info ] [ PARAM ] array (
)
[ info ] [ DB ] INIT mysql
[ info ] [ DB ] INIT mysql
[ info ] [ RUN ] app\index\controller\Index->index[ /Users/sunxuegao/dev_soft/www/picture_cms/application/index/controller/Index.php ]
[ info ] [ DB ] INIT mysql
[ info ] [ DB ] INIT mysql
[ info ] [ VIEW ] /Users/sunxuegao/dev_soft/www/picture_cms/application/index/view/index/index.html [ array (
  0 => 'categorys',
  1 => 'seo',
  2 => 'indexCate',
) ]
[ info ] [ LOG ] INIT File

---------------------------------------------------------------
